Tracer: (5) 18F-			Batch no: 934			Date: 2021-10-29
Site name: Fleni

Time	Arc-I	Arc-V	Gas flow	Dee-1-kV	Dee-2-kV	Magnet-I	Foil-I	Coll-l-I	Target-I	Coll-r-I	Vacuum-P	Target-P	Delta Dee-kV	Phase load	Dee ref-V	Probe-I	He cool-P	Flap1-pos	Flap2-pos	Step pos	Extr pos	Balance	RF fwd-W	RF refl-W	Foil No
04:16:31 	0	0	0.0	0.0	0.0	427.5	0.0	0.0	0.0	0.0	2.6E-07	70.8	0.0	12.3	35.5	0.0	45.0	40.4	30.2	0.0	49.7	50.3	0.0	0.0	2
04:16:34 	0	0	0.0	0.0	0.0	427.5	0.0	0.0	0.0	0.0	2.6E-07	71.2	0.0	12.2	35.5	0.0	45.0	40.3	30.2	0.0	49.7	50.3	0.0	0.0	2
04:16:37 	0	0	0.0	0.0	0.0	427.5	0.0	0.0	0.0	0.0	2.6E-07	71.2	0.0	12.1	35.5	0.0	45.0	40.3	30.2	0.0	49.7	50.3	0.0	0.0	2
04:16:40 	0	0	0.0	0.0	0.0	427.5	0.0	0.0	0.0	0.0	2.6E-07	71.2	0.0	12.3	35.5	0.0	45.0	40.4	30.2	0.0	49.7	50.3	0.0	0.0	2
04:16:43 	0	0	0.0	0.0	0.0	427.5	0.0	0.0	0.0	0.0	2.6E-07	71.2	0.0	12.2	35.5	0.0	45.0	40.4	30.2	0.0	49.7	50.2	0.0	0.0	2
04:16:46 	0	0	0.0	0.0	0.0	427.5	0.0	0.0	0.0	0.0	2.6E-07	71.2	0.0	12.3	35.5	0.0	45.0	40.4	30.2	0.0	49.7	50.3	0.0	0.0	2
04:16:49 	0	0	0.0	0.0	0.0	427.5	0.0	0.0	0.0	0.0	2.6E-07	71.2	0.0	12.2	35.5	0.0	44.2	40.4	30.2	0.0	49.7	50.3	0.0	0.0	2
04:16:52 	0	0	0.0	0.0	0.0	427.5	0.0	0.0	0.0	0.0	2.6E-07	71.2	0.0	12.2	35.5	0.0	44.1	40.3	30.2	0.0	49.7	50.2	0.0	0.0	2
04:16:55 	0	0	0.0	0.0	0.0	427.5	0.0	0.0	0.0	0.0	2.5E-07	71.2	0.0	12.1	35.5	0.0	45.0	40.3	30.2	0.0	49.7	50.3	0.0	0.0	2
04:16:58 	0	0	0.0	0.0	0.0	427.5	0.0	0.0	0.0	0.0	2.6E-07	71.2	0.0	12.2	35.5	0.0	45.0	40.4	30.1	0.0	49.7	50.3	0.0	0.0	2
04:17:01 	0	0	-0.0	0.0	0.0	427.5	0.0	0.0	0.0	0.0	2.6E-07	71.2	0.0	12.1	35.5	0.0	45.0	40.4	30.2	0.0	49.7	50.3	0.0	0.0	2
04:17:05 	0	0	0.0	0.0	0.0	427.5	0.0	0.0	0.0	0.0	2.6E-07	71.2	0.0	12.3	35.5	0.0	45.0	40.3	30.1	0.0	49.7	50.3	0.0	0.0	2
04:17:08 	0	0	0.0	0.0	0.0	427.5	0.0	0.0	0.0	0.0	2.6E-07	71.2	0.0	12.1	35.5	0.0	45.0	40.4	30.2	0.0	49.7	50.3	0.0	0.0	2
04:17:11 	0	0	0.0	0.0	0.0	427.5	0.0	0.0	0.0	0.0	2.6E-07	71.2	0.0	12.2	35.5	0.0	45.0	40.3	30.1	0.0	49.7	50.3	0.0	0.0	2
04:17:14 	0	0	0.0	0.0	0.0	427.5	0.0	0.0	0.0	0.0	2.6E-07	71.2	0.0	12.2	35.5	0.0	45.0	40.3	30.2	0.0	49.7	50.3	0.0	0.0	2
04:17:17 	0	0	0.0	0.0	0.0	427.5	0.0	0.0	0.0	0.0	2.6E-07	71.2	0.0	12.2	35.5	0.0	45.0	40.4	30.2	0.0	49.7	50.3	0.0	0.0	2
04:17:20 	0	0	0.0	0.0	0.0	427.5	0.0	0.0	0.0	0.0	2.6E-07	71.7	0.0	12.2	35.5	0.0	45.0	40.3	30.2	0.0	49.7	50.3	0.0	0.0	2
04:17:23 	0	0	0.0	0.0	0.0	427.5	0.0	0.0	0.0	0.0	2.5E-07	71.7	0.0	12.2	35.5	0.0	45.0	40.4	30.2	0.0	49.8	50.3	0.0	0.0	2
04:17:26 	0	0	0.0	0.0	0.0	427.5	0.0	0.0	0.0	0.0	2.6E-07	71.2	0.0	12.2	35.5	0.0	45.0	40.4	30.2	0.0	49.7	50.3	0.0	0.0	2
04:17:29 	0	0	-0.0	0.0	0.0	427.5	0.0	0.0	0.0	0.0	2.6E-07	71.7	0.0	12.2	35.5	0.0	45.0	40.4	30.2	0.0	49.7	50.3	0.0	0.0	2
04:17:32 	0	0	0.0	0.0	0.0	427.5	0.0	0.0	0.0	0.0	2.6E-07	71.2	0.0	12.2	35.5	0.0	45.0	40.4	30.2	0.0	49.7	50.2	0.0	0.0	2
04:17:35 	0	0	0.0	0.0	0.0	427.5	0.0	0.0	0.0	0.0	2.6E-07	71.2	0.0	12.2	35.5	0.0	45.0	40.3	30.2	0.0	49.7	50.3	0.0	0.0	2
04:17:38 	0	0	0.0	0.0	0.0	427.5	0.0	0.0	0.0	0.0	2.6E-07	71.7	0.0	12.3	35.5	0.0	45.0	40.4	30.2	0.0	49.7	50.3	0.0	0.0	2
04:17:41 	0	0	0.0	0.0	0.0	427.5	0.0	0.0	0.0	0.0	2.6E-07	71.7	0.0	12.3	35.5	0.0	45.0	40.4	30.2	0.0	49.7	50.3	0.0	0.0	2
04:17:45 	0	0	0.0	0.0	0.0	427.5	0.0	0.0	0.0	0.0	2.6E-07	71.2	0.0	12.2	35.5	0.0	45.0	40.4	30.2	0.0	49.7	50.3	0.0	0.0	2
04:17:48 	0	0	0.0	0.0	0.0	427.5	0.0	0.0	0.0	0.0	2.6E-07	71.2	0.0	12.2	35.5	0.0	45.0	40.4	30.2	0.0	49.7	50.3	0.0	0.0	2
04:17:51 	0	0	0.0	0.0	0.0	427.5	0.0	0.0	0.0	0.0	2.6E-07	71.7	0.0	12.2	35.5	0.0	45.0	40.4	30.2	0.0	49.7	50.3	0.0	0.0	2
04:17:54 	0	0	0.0	0.0	0.0	427.5	0.0	0.0	0.0	0.0	2.6E-07	71.7	0.0	12.2	35.5	0.0	45.0	40.3	30.2	0.0	49.7	50.3	0.0	0.0	2
04:17:57 	0	0	0.0	0.0	0.0	427.5	0.0	0.0	0.0	0.0	2.5E-07	71.7	0.0	12.2	35.5	0.0	45.0	40.4	30.2	0.0	49.7	50.3	0.0	0.0	2
04:18:00 	0	0	0.0	0.0	0.0	427.5	0.0	0.0	0.0	0.0	2.6E-07	71.7	0.0	12.2	35.5	0.0	45.0	40.4	30.1	0.0	49.7	50.3	0.0	0.0	2
04:18:03 	0	0	0.0	0.0	0.0	427.5	0.0	0.0	0.0	0.0	2.6E-07	71.7	0.0	12.3	35.5	0.0	44.1	40.3	30.1	0.0	49.7	50.3	0.0	0.0	2
04:18:06 	0	0	-0.0	0.0	0.0	427.5	0.0	0.0	0.0	0.0	2.6E-07	71.7	0.0	12.2	35.5	0.0	45.0	40.4	30.2	0.0	49.7	50.3	0.0	0.0	2
04:18:09 	0	0	0.0	0.0	0.0	427.5	0.0	0.0	0.0	0.0	2.6E-07	71.7	0.0	12.1	35.5	0.0	44.0	40.4	30.2	0.0	49.7	50.3	0.0	0.0	2
04:18:12 	0	0	0.0	0.0	0.0	427.5	0.0	0.0	0.0	0.0	2.5E-07	71.7	0.0	12.2	35.5	0.0	45.0	40.4	30.1	0.0	49.7	50.3	0.0	0.0	2
04:18:15 	0	0	0.0	0.0	0.0	427.5	0.0	0.0	0.0	0.0	2.6E-07	71.2	0.0	12.2	35.5	0.0	44.5	40.4	30.2	0.0	49.7	50.2	0.0	0.0	2
04:18:18 	0	0	0.0	0.0	0.0	427.5	0.0	0.0	0.0	0.0	2.6E-07	71.2	0.0	12.2	35.5	0.0	45.0	40.4	30.2	0.0	49.7	50.3	0.0	0.0	2
04:18:21 	0	0	0.0	0.0	0.0	427.5	0.0	0.0	0.0	0.0	2.6E-07	71.2	0.0	12.2	35.5	0.0	44.0	40.4	30.1	0.0	49.7	50.3	0.0	0.0	2
04:18:25 	0	0	0.0	0.0	0.0	427.5	0.0	0.0	0.0	0.0	2.6E-07	71.2	0.0	12.1	35.5	0.0	44.8	40.4	30.2	0.0	49.7	50.3	0.0	0.0	2
04:18:28 	0	0	-0.0	0.0	0.0	427.5	0.0	0.0	0.0	0.0	2.6E-07	71.2	0.0	12.2	35.5	0.0	44.0	40.4	30.2	0.0	49.7	50.3	0.0	0.0	2
04:18:31 	0	0	0.0	0.0	0.0	427.5	0.0	0.0	0.0	0.0	2.6E-07	66.4	0.0	12.2	35.5	0.0	44.0	40.4	30.2	0.0	49.7	50.3	0.0	0.0	2
04:18:34 	0	0	0.0	0.0	0.0	427.5	0.0	0.0	0.0	0.0	2.6E-07	82.0	0.0	12.2	35.5	0.0	44.0	40.4	30.2	0.0	49.7	50.3	0.0	0.0	2
04:18:37 	0	0	0.0	0.0	0.0	427.5	0.0	0.0	0.0	0.0	2.6E-07	90.3	0.0	12.2	35.5	0.0	44.0	40.4	30.2	0.0	49.7	50.2	0.0	0.0	2
04:18:40 	0	0	0.0	0.0	0.0	427.5	0.0	0.0	0.0	0.0	2.6E-07	102.0	0.0	12.2	35.5	0.0	44.0	40.4	30.1	0.0	49.7	50.3	0.0	0.0	2
04:18:43 	0	0	0.0	0.0	0.0	427.5	0.0	0.0	0.0	0.0	2.7E-07	110.3	0.0	12.2	35.5	0.0	44.0	40.4	30.2	0.0	49.7	50.2	0.0	0.0	2
04:18:46 	0	0	0.0	0.0	0.0	427.5	0.0	0.0	0.0	0.0	2.6E-07	110.3	0.0	12.2	35.5	0.0	44.0	40.4	30.1	0.0	49.7	50.3	0.0	0.0	2
04:18:49 	0	0	0.0	0.0	0.0	427.5	0.0	0.0	0.0	0.0	2.6E-07	110.3	0.0	12.2	35.5	0.0	44.0	40.3	30.2	0.0	49.7	50.3	0.0	0.0	2
04:18:52 	0	0	0.0	0.0	0.0	427.5	0.0	0.0	0.0	0.0	2.6E-07	110.8	0.0	12.2	35.5	0.0	44.0	40.4	30.1	0.0	49.7	50.3	0.0	0.0	2
04:18:55 	0	0	0.0	0.0	0.0	427.5	0.0	0.0	0.0	0.0	2.6E-07	110.3	0.0	12.2	35.5	0.0	44.0	40.4	30.2	0.0	49.7	50.3	0.0	0.0	2
04:18:58 	0	0	0.0	0.0	0.0	427.5	0.0	0.0	0.0	0.0	2.6E-07	110.3	0.0	12.2	35.5	0.0	44.0	40.3	30.1	0.0	49.7	50.3	0.0	0.0	2
04:19:01 	0	0	0.0	0.0	0.0	427.5	0.0	0.0	0.0	0.0	2.6E-07	110.3	0.0	12.2	35.5	0.0	44.0	40.4	30.2	0.0	49.7	50.3	0.0	0.0	2
04:19:04 	0	0	0.0	0.0	0.0	427.5	0.0	0.0	0.0	0.0	2.6E-07	110.8	0.0	12.1	35.5	0.0	44.0	40.4	30.2	0.0	49.7	50.3	0.0	0.0	2
04:19:08 	0	0	0.0	0.0	0.0	427.5	0.0	0.0	0.0	0.0	2.6E-07	110.3	0.0	12.2	35.5	0.0	44.0	40.4	30.2	0.0	49.7	50.3	0.0	0.0	2
04:19:11 	0	0	0.0	0.0	0.0	427.5	0.0	0.0	0.0	0.0	2.6E-07	110.3	0.0	12.1	35.5	0.0	44.0	40.4	30.2	0.0	49.7	50.3	0.0	0.0	2
04:19:14 	0	0	0.0	0.0	0.0	427.5	0.0	0.0	0.0	0.0	2.6E-07	110.8	0.0	12.0	35.5	0.0	44.0	40.4	30.2	0.0	49.7	50.3	0.0	0.0	2
04:19:17 	0	0	0.0	0.0	0.0	427.5	0.0	0.0	0.0	0.0	2.6E-07	175.2	0.0	12.3	35.5	0.0	44.0	40.4	30.2	0.0	49.7	50.3	0.0	0.0	2
04:19:20 	0	0	0.0	0.0	0.0	427.5	0.0	0.0	0.0	0.0	2.6E-07	220.7	0.0	12.1	35.5	0.0	44.0	40.6	30.2	0.0	49.7	50.3	0.0	0.0	2
04:19:23 	0	0	0.0	0.0	0.0	427.5	0.0	0.0	0.0	0.0	2.6E-07	258.7	0.0	12.1	35.5	0.0	45.0	40.4	30.2	0.0	49.7	50.3	0.0	0.0	2
04:19:26 	0	0	0.0	0.0	0.0	427.5	0.0	0.0	0.0	0.0	1.9E-02	288.5	0.0	12.2	35.5	0.0	49.5	40.4	30.2	0.0	49.7	50.2	0.0	0.0	2
04:19:29 	0	0	0.0	0.0	0.0	427.5	0.0	0.0	0.0	0.0	8.1E-03	310.5	0.0	12.2	35.5	0.0	51.2	40.4	30.2	0.0	49.7	50.3	0.0	0.0	2
04:19:32 	0	0	0.0	0.0	0.0	427.5	0.0	0.0	0.0	0.0	2.9E-06	319.8	0.0	12.3	35.5	0.0	50.0	40.3	30.2	0.0	49.7	50.3	0.0	0.0	2
04:19:35 	0	0	0.0	0.0	0.0	427.5	0.0	0.0	0.0	0.0	1.6E-06	327.1	0.0	12.2	35.5	0.0	50.5	40.4	30.2	0.0	49.7	50.3	0.0	0.0	2
04:19:38 	0	0	0.0	0.0	0.0	427.5	0.0	0.0	0.0	0.0	1.3E-06	336.4	0.0	12.2	35.5	0.0	49.7	40.4	30.2	0.0	49.7	50.3	0.0	0.0	2
04:19:41 	0	0	0.0	0.0	0.0	427.5	0.0	0.0	0.0	0.0	1.1E-06	338.3	0.0	12.2	35.5	0.0	50.5	40.4	30.2	0.0	51.0	50.3	0.0	0.0	2
04:19:44 	0	0	0.2	0.0	0.0	427.5	0.0	0.0	0.0	0.0	3.5E-06	341.3	0.0	9.6	35.5	0.0	48.3	45.5	35.5	0.0	51.0	50.3	1.5	1.4	2
04:19:48 	0	0	0.3	0.0	0.2	427.5	0.0	0.0	0.0	0.0	4.8E-06	342.7	0.2	7.1	35.5	0.0	52.0	52.1	41.3	0.0	50.9	50.2	1.5	1.4	2
04:19:51 	0	0	3.9	0.1	0.5	427.5	0.0	0.0	0.0	0.0	1.1E-05	343.2	0.4	-15.3	35.5	0.0	49.0	30.3	19.6	0.0	51.0	50.3	7.7	1.4	2
04:19:54 	0	0	3.9	35.4	38.5	427.5	0.0	0.0	0.0	0.0	1.3E-05	343.7	3.1	6.8	35.5	0.0	49.0	33.2	30.2	0.0	50.9	50.3	10.3	0.0	2
04:19:57 	93	1211	3.9	35.3	38.8	427.5	0.0	0.0	0.0	0.0	1.3E-05	344.7	3.5	9.3	35.5	52.7	47.6	32.9	31.4	0.0	50.9	50.3	10.2	0.1	2
04:20:00 	57	1196	3.9	35.3	38.7	427.5	0.0	0.0	0.0	0.0	1.3E-05	344.7	3.4	1.6	35.5	14.5	48.6	32.7	21.4	0.0	50.9	50.2	10.9	0.1	2
04:20:03 	58	1215	3.9	35.4	39.2	427.5	0.0	0.0	0.0	0.0	1.3E-05	345.2	3.8	10.3	35.5	14.3	46.0	33.9	24.7	0.0	51.0	50.2	10.2	0.2	2
04:20:06 	62	1189	4.0	35.4	38.4	427.5	0.0	0.0	0.0	0.0	1.3E-05	345.7	3.1	2.1	35.5	15.0	50.0	33.7	31.8	0.0	50.9	50.3	10.6	0.0	2
04:20:09 	63	1146	4.0	35.4	38.9	427.5	11.0	0.1	7.7	3.3	1.3E-05	346.1	3.5	7.2	35.5	0.1	49.0	32.8	21.7	0.0	50.9	50.2	10.3	0.0	2
04:20:13 	63	1126	4.0	35.4	38.8	427.5	10.4	0.5	8.6	1.3	1.3E-05	349.1	3.4	6.4	35.5	0.1	49.1	33.5	22.2	0.0	49.8	50.3	10.4	0.0	2
04:20:16 	64	1122	4.0	35.4	38.7	425.5	4.8	0.1	4.5	0.1	1.3E-05	349.1	3.3	4.9	35.5	0.1	47.1	34.0	27.1	0.0	49.4	50.3	10.5	0.0	2
04:20:19 	64	1119	4.0	35.4	39.2	426.5	8.8	0.3	7.8	0.8	1.3E-05	349.1	3.8	10.2	35.5	0.0	49.5	33.9	22.5	0.0	49.4	50.3	10.3	0.2	2
04:20:22 	63	1114	4.0	35.4	38.6	425.0	0.8	0.1	0.7	0.0	1.3E-05	349.1	3.2	2.5	35.5	0.0	48.2	33.7	32.5	0.0	49.4	50.3	10.6	0.0	2
04:20:25 	63	1108	4.0	35.4	39.1	425.5	2.1	0.0	1.9	0.0	1.3E-05	349.1	3.6	4.2	35.5	0.0	48.1	35.2	22.5	0.0	49.4	50.3	10.6	0.0	2
04:20:28 	63	1107	4.0	35.4	38.9	426.0	4.8	0.1	4.4	0.1	1.2E-05	349.1	3.5	6.6	35.5	0.0	47.1	33.2	22.2	0.0	49.4	50.3	10.3	0.0	2
04:20:31 	63	1104	4.0	35.4	38.9	426.5	7.8	0.3	6.7	0.8	1.2E-05	349.1	3.5	5.5	35.5	0.0	49.5	33.1	22.3	0.0	49.4	50.3	10.5	0.0	2
04:20:34 	63	1103	4.0	35.4	38.9	427.0	7.7	1.0	6.3	0.2	1.2E-05	349.1	3.5	4.8	35.5	0.0	48.3	32.9	22.1	0.0	49.4	50.3	10.6	0.0	2
04:20:37 	63	1103	4.0	35.4	38.8	428.0	7.8	0.6	6.5	0.7	1.2E-05	349.1	3.5	3.7	35.5	0.0	48.5	33.5	32.5	0.0	49.4	50.2	10.7	0.0	2
04:20:41 	64	1101	4.0	35.4	38.8	428.5	7.6	0.4	6.8	0.4	1.2E-05	349.1	3.3	6.5	35.5	0.0	48.3	35.2	22.5	0.0	49.4	50.3	10.3	0.0	2
04:20:44 	63	1100	4.0	35.4	38.9	429.0	5.6	0.5	4.8	0.3	1.2E-05	349.1	3.5	3.6	35.5	0.0	48.0	34.3	22.2	0.0	49.3	50.3	10.7	0.0	2
04:20:47 	63	1100	4.0	35.4	38.9	429.5	2.4	0.2	1.9	0.2	1.2E-05	349.1	3.5	7.0	35.5	0.0	49.0	34.3	22.9	0.0	49.4	50.3	10.3	0.0	2
04:20:50 	63	1100	4.0	35.3	38.9	427.3	7.4	0.3	6.7	0.4	1.2E-05	349.1	3.5	3.1	35.5	0.0	48.0	33.5	21.9	0.0	49.4	50.3	10.7	0.0	2
04:20:53 	76	1057	4.0	35.3	38.8	427.3	10.9	1.1	9.0	0.7	1.2E-05	349.6	3.5	6.2	35.5	0.0	48.5	34.1	22.9	0.0	49.4	50.3	10.4	0.0	2
04:20:56 	81	1018	4.0	35.4	38.8	427.3	11.9	1.2	9.8	0.8	1.2E-05	350.0	3.5	5.6	35.5	0.1	48.1	34.4	22.7	0.0	49.6	50.3	10.5	0.0	2
04:20:59 	81	1013	4.0	35.3	38.8	427.3	12.1	1.3	10.0	0.8	1.2E-05	350.5	3.4	5.0	35.5	0.0	49.0	34.9	33.0	0.0	49.6	50.3	10.6	0.0	2
04:21:02 	81	1010	4.0	35.5	39.3	427.3	11.9	1.2	9.9	0.7	1.2E-05	350.5	3.7	9.6	35.5	0.1	48.2	35.6	22.9	0.0	49.6	50.2	10.3	0.2	2
04:21:05 	82	1006	4.0	35.3	38.7	427.3	12.0	1.1	9.9	0.9	1.2E-05	350.5	3.3	4.7	35.5	0.1	49.0	33.3	31.8	0.0	49.7	50.2	10.6	0.0	2
04:21:09 	83	1004	4.0	35.4	39.1	427.3	12.0	1.1	10.0	0.7	1.2E-05	350.5	3.6	5.7	35.5	0.1	48.7	35.2	22.7	0.0	49.7	50.3	10.6	0.0	2
04:21:12 	83	1004	4.0	35.4	38.6	427.3	12.2	1.2	10.0	0.9	1.2E-05	350.5	3.2	3.5	35.5	0.1	46.0	33.6	32.6	0.0	49.6	50.3	10.8	0.0	2
04:21:15 	82	1000	4.0	35.3	39.2	427.3	11.7	1.1	9.8	0.7	1.2E-05	350.5	3.8	9.1	35.5	0.0	48.5	35.3	22.9	0.0	49.7	50.2	10.3	0.1	2
04:21:18 	84	997	4.0	35.5	38.7	427.3	12.3	1.2	10.1	1.0	1.2E-05	350.5	3.2	4.9	35.5	0.1	48.8	33.6	22.6	0.0	49.7	50.2	10.5	0.0	2
04:21:21 	83	996	4.0	35.4	39.1	427.3	11.8	1.1	9.9	0.7	1.2E-05	350.5	3.8	9.1	35.5	0.0	49.0	35.0	22.9	0.0	49.6	50.3	10.3	0.1	2
04:21:24 	84	991	4.0	35.4	38.6	427.3	12.0	1.1	9.9	0.9	1.2E-05	350.5	3.2	1.9	35.5	0.1	48.7	33.7	22.2	0.0	49.6	50.3	10.9	0.0	2
04:21:27 	85	991	4.0	35.5	39.1	427.3	12.0	1.1	10.0	0.8	1.2E-05	350.5	3.6	10.3	35.5	0.0	46.3	34.6	23.1	0.0	49.6	50.2	10.3	0.2	2
04:21:30 	86	987	4.0	35.4	38.7	427.3	12.3	1.2	10.1	0.9	1.2E-05	350.5	3.2	-0.9	35.5	0.0	50.0	34.3	32.4	0.0	49.6	50.3	11.3	0.2	2
04:21:33 	85	988	4.0	35.3	39.0	427.3	12.2	1.1	10.2	0.8	1.2E-05	350.5	3.7	10.5	35.5	0.1	46.0	34.1	23.0	0.0	49.6	50.2	10.2	0.3	2
04:21:36 	86	984	4.0	35.4	38.7	427.3	12.0	1.2	10.0	0.8	1.2E-05	350.5	3.3	0.0	35.5	0.1	50.0	34.9	32.6	0.0	49.6	50.2	11.2	0.1	2
04:21:40 	86	984	4.0	35.3	39.0	427.3	12.0	1.1	9.9	0.8	1.2E-05	350.5	3.7	9.4	35.5	0.1	48.5	33.2	22.7	0.0	49.7	50.3	10.2	0.2	2
04:21:43 	86	981	4.0	35.4	38.8	427.3	11.9	1.1	10.0	0.8	1.2E-05	350.5	3.4	1.7	35.5	0.0	48.2	35.4	24.4	0.0	49.6	50.3	11.1	0.0	2
04:21:46 	85	984	4.0	35.4	38.7	427.3	11.8	1.1	9.8	0.8	1.2E-05	350.5	3.3	6.0	35.5	0.0	47.5	32.7	23.0	0.0	49.6	50.3	10.4	0.0	2
04:21:49 	87	979	4.0	35.3	39.1	427.3	12.1	1.1	10.2	0.8	1.2E-05	350.5	3.8	4.9	35.5	0.0	49.2	35.7	22.1	0.0	49.6	50.3	10.8	0.0	2
04:21:52 	86	981	4.0	35.4	38.7	427.3	12.0	1.1	9.9	0.9	1.2E-05	350.5	3.3	5.8	35.5	0.0	47.7	33.1	23.0	0.0	49.6	50.3	10.4	0.0	2
04:21:55 	87	978	4.0	35.3	39.1	427.3	12.0	1.1	10.1	0.7	1.2E-05	350.5	3.8	5.8	35.5	0.0	49.5	35.6	22.2	0.0	49.6	50.3	10.7	0.0	2
04:21:58 	88	978	4.0	35.3	38.6	427.3	12.3	1.1	10.2	0.9	1.2E-05	350.5	3.3	5.6	35.5	0.1	47.0	33.3	22.7	0.0	49.7	50.3	10.5	0.0	2
04:22:01 	87	977	4.0	35.5	39.2	427.3	11.9	1.1	10.0	0.7	1.2E-05	351.0	3.7	6.0	35.5	0.0	49.0	35.2	22.7	0.0	49.7	50.3	10.6	0.0	2
04:22:04 	88	978	4.0	35.4	38.7	427.3	12.2	1.1	10.0	0.9	1.2E-05	351.0	3.4	5.8	35.5	0.0	48.0	33.7	22.1	0.0	49.7	50.3	10.5	0.0	2
04:22:08 	88	974	4.0	35.5	39.1	427.3	12.1	1.1	10.3	0.8	1.2E-05	351.0	3.7	10.3	35.5	0.0	48.2	34.6	22.7	0.0	49.6	50.3	10.3	0.3	2
04:22:11 	88	971	4.0	35.4	38.7	427.3	12.0	1.1	10.0	0.9	1.2E-05	351.0	3.4	-0.8	35.5	0.1	47.1	34.3	21.8	0.0	49.7	50.3	11.4	0.1	2
04:22:14 	87	972	4.0	35.4	39.1	427.3	11.7	1.1	9.8	0.7	1.2E-05	351.0	3.7	10.4	35.5	0.0	49.5	33.5	22.7	0.0	49.6	50.3	10.2	0.2	2
04:22:17 	90	971	4.0	35.3	39.1	427.3	12.4	1.1	10.5	0.8	1.2E-05	351.0	3.7	4.9	35.5	0.0	47.0	35.7	21.7	0.0	49.7	50.3	10.7	0.0	2
04:22:20 	90	969	4.0	35.4	38.7	427.3	12.3	1.1	10.2	0.9	1.2E-05	351.0	3.3	5.4	35.5	0.1	49.0	32.9	23.0	0.0	49.6	50.3	10.5	0.0	2
04:22:23 	88	971	4.0	35.4	39.0	427.3	11.9	1.1	10.0	0.7	1.2E-05	351.0	3.6	4.2	35.5	0.1	48.0	35.4	22.2	0.0	49.7	50.3	10.8	0.0	2
04:22:26 	88	971	4.0	35.5	38.8	427.3	11.8	1.1	9.8	0.8	1.2E-05	351.0	3.3	5.4	35.5	0.1	48.7	33.2	22.5	0.0	49.7	50.3	10.5	0.0	2
04:22:29 	88	963	4.0	35.4	39.1	427.3	11.7	1.1	9.9	0.7	1.2E-05	351.0	3.8	4.8	35.5	0.0	46.3	35.2	22.5	0.0	49.6	50.3	10.8	0.0	2
04:22:32 	90	968	4.0	35.4	38.7	427.3	12.1	1.1	10.0	0.8	1.2E-05	351.0	3.3	5.5	35.5	0.0	49.0	33.7	22.2	0.0	49.7	50.3	10.4	0.0	2
04:22:35 	88	968	4.0	35.4	39.0	427.3	11.7	1.1	9.8	0.7	1.2E-05	351.0	3.7	10.1	35.5	0.0	46.0	34.3	22.9	0.0	49.6	50.3	10.3	0.2	2
04:22:38 	90	965	4.0	35.4	38.8	427.3	12.0	1.1	10.0	0.9	1.2E-05	351.0	3.4	0.0	35.5	0.1	50.0	34.1	21.8	0.0	49.6	50.3	11.3	0.1	2
04:22:42 	88	969	4.0	35.6	39.4	427.3	11.7	1.1	9.8	0.7	1.2E-05	351.0	3.9	10.3	35.5	0.0	47.0	33.5	22.7	0.0	49.6	50.3	10.5	0.2	2
04:22:45 	90	959	4.0	35.4	38.7	427.3	11.9	1.1	9.8	0.8	1.2E-05	351.0	3.3	-0.3	35.5	0.0	50.0	35.2	21.7	0.0	49.7	50.2	11.4	0.1	2
04:22:48 	90	965	4.0	35.4	39.0	427.3	11.9	1.1	9.9	0.8	1.2E-05	351.0	3.6	6.7	35.5	0.1	48.0	32.9	22.7	0.0	49.7	50.2	10.5	0.0	2
04:22:51 	89	962	4.0	35.4	38.8	427.3	11.8	1.1	9.9	0.8	1.2E-05	351.0	3.5	2.9	35.5	0.0	49.0	35.3	22.1	0.0	49.6	50.2	10.8	0.0	2
04:22:54 	89	965	4.0	35.5	38.7	427.3	11.7	1.1	9.8	0.8	1.2E-05	351.0	3.3	6.4	35.5	0.1	47.7	32.9	22.9	0.0	49.6	50.3	10.4	0.0	2
04:22:57 	89	962	4.0	35.3	39.1	427.3	11.7	1.1	9.9	0.7	1.2E-05	351.5	3.8	5.0	35.5	0.0	47.5	35.3	21.9	0.0	49.6	50.3	10.7	0.0	2
04:23:00 	90	962	4.0	35.3	38.7	427.3	12.0	1.1	10.0	0.8	1.2E-05	351.5	3.3	5.8	35.5	0.1	47.6	33.1	22.6	0.0	49.7	50.2	10.5	0.0	2
04:23:03 	91	959	4.0	35.4	39.2	427.3	12.1	1.1	10.2	0.7	1.2E-05	351.5	3.8	5.5	35.5	0.0	49.2	35.3	22.2	0.0	49.6	50.2	10.6	0.0	2
04:23:06 	91	959	4.0	35.5	38.8	427.3	12.0	1.1	9.9	0.8	1.2E-05	351.0	3.3	5.2	35.5	0.1	49.0	33.1	22.3	0.0	49.6	50.3	10.5	0.0	2
04:23:09 	90	963	4.0	35.3	39.0	427.3	12.0	1.1	10.2	0.7	1.2E-05	351.5	3.7	8.2	35.5	0.0	47.6	34.8	22.5	0.0	49.7	50.3	10.3	0.1	2
04:23:12 	90	959	4.0	35.5	38.8	427.3	11.9	1.1	9.9	0.8	1.2E-05	351.0	3.3	-1.8	35.5	0.1	48.5	33.9	21.5	0.0	49.6	50.2	11.6	0.2	2
04:23:16 	91	960	4.0	35.3	39.1	427.3	11.6	1.1	9.8	0.7	1.2E-05	351.5	3.7	9.7	35.5	0.0	47.1	33.6	22.9	0.0	49.7	50.2	10.3	0.2	2
04:23:19 	90	959	4.0	35.4	39.0	427.3	12.0	1.1	10.1	0.7	1.2E-05	351.5	3.6	3.6	35.5	0.1	49.6	35.3	21.8	0.0	49.7	50.3	10.8	0.0	2
04:23:22 	92	960	4.0	35.4	38.7	427.3	12.3	1.1	10.2	0.9	1.2E-05	351.5	3.3	5.4	35.5	0.1	47.5	32.7	22.7	0.0	49.7	50.3	10.5	0.0	2
04:23:25 	91	958	4.0	35.4	39.1	427.3	11.8	1.1	10.1	0.7	1.2E-05	351.5	3.8	4.8	35.5	0.0	48.2	35.3	21.9	0.0	49.7	50.3	10.8	0.0	2
04:23:28 	90	959	4.0	35.3	38.7	427.3	11.8	1.1	9.9	0.8	1.2E-05	351.5	3.3	6.1	35.5	0.0	47.8	33.5	22.6	0.0	49.7	50.2	10.4	0.0	2
04:23:31 	91	958	4.0	35.3	39.1	427.3	11.9	1.1	10.0	0.7	1.2E-05	351.5	3.8	5.0	35.5	0.1	47.5	35.2	22.3	0.0	49.7	50.3	10.8	0.0	2
04:23:34 	92	958	4.0	35.4	38.6	427.3	12.1	1.0	10.1	0.9	1.2E-05	352.0	3.2	5.0	35.5	0.1	48.2	33.5	21.7	0.0	49.7	50.3	10.6	0.0	2
04:23:37 	91	956	4.0	35.3	39.2	427.3	11.7	1.0	10.0	0.7	1.2E-05	352.0	3.8	9.8	35.5	0.0	49.0	34.0	22.6	0.0	49.7	50.3	10.3	0.2	2
04:23:40 	92	953	4.0	35.4	38.7	427.3	12.1	1.1	10.1	0.8	1.2E-05	351.5	3.3	-0.1	35.5	0.1	46.0	34.8	21.7	0.0	49.7	50.2	11.3	0.1	2
04:23:43 	90	958	4.0	35.4	38.7	427.3	11.7	1.0	9.8	0.8	1.2E-05	351.5	3.4	5.8	35.5	0.0	47.5	32.8	22.9	0.0	49.7	50.3	10.5	0.0	2
04:23:47 	92	953	4.0	35.4	39.1	427.3	12.0	1.0	10.2	0.7	1.2E-05	351.5	3.8	4.9	35.5	0.0	48.0	35.3	21.9	0.0	49.7	50.3	10.7	0.0	2
04:23:50 	92	955	4.0	35.4	38.7	427.3	12.0	1.1	10.1	0.8	1.2E-05	351.5	3.3	5.1	35.5	0.1	49.0	33.3	22.6	0.0	49.7	50.3	10.5	0.0	2
04:23:53 	92	953	4.0	35.3	39.1	427.3	12.0	1.0	10.2	0.7	1.2E-05	351.5	3.8	6.5	35.5	0.1	46.0	35.3	22.2	0.0	49.7	50.3	10.6	0.0	2
04:23:56 	92	959	4.0	35.4	38.7	427.3	12.0	1.1	10.0	0.8	1.2E-05	352.0	3.3	5.6	35.5	0.0	49.0	33.3	22.5	0.0	49.7	50.3	10.5	0.0	2
04:23:59 	92	955	4.0	35.4	39.1	427.3	12.1	1.1	10.2	0.7	1.2E-05	352.0	3.7	5.4	35.5	0.0	48.0	35.0	22.3	0.0	49.7	50.2	10.6	0.0	2
04:24:02 	92	952	4.0	35.4	38.7	427.3	11.9	1.0	10.0	0.8	1.2E-05	352.0	3.3	2.5	35.5	0.1	48.2	33.3	21.9	0.0	49.7	50.3	10.9	0.0	2
04:24:05 	92	953	4.0	35.5	38.9	427.3	11.9	1.1	10.2	0.7	1.2E-05	352.0	3.5	10.1	35.5	0.1	46.3	34.0	22.9	0.0	49.7	50.3	10.2	0.2	2
04:24:08 	92	953	4.0	35.4	38.8	427.3	11.8	1.0	9.9	0.8	1.2E-05	352.0	3.4	0.6	35.5	0.1	49.0	34.6	21.7	0.0	49.7	50.2	11.1	0.1	2
04:24:11 	91	952	4.0	35.4	39.0	427.3	11.6	1.0	9.7	0.7	1.2E-05	352.0	3.6	10.0	35.5	0.0	47.5	33.6	22.7	0.0	49.7	50.3	10.2	0.2	2
04:24:15 	92	952	4.0	35.4	38.9	427.3	11.9	1.0	10.1	0.7	1.2E-05	352.0	3.5	4.2	35.5	0.1	47.1	35.2	21.7	0.0	49.7	50.3	10.9	0.0	2
04:24:18 	92	952	4.0	35.5	38.8	427.3	11.8	1.0	9.9	0.8	1.2E-05	352.0	3.3	5.9	35.5	0.1	48.6	32.8	22.9	0.0	49.7	50.2	10.5	0.0	2
04:24:21 	92	953	4.0	35.5	39.1	427.3	11.9	1.0	10.1	0.7	1.2E-05	352.0	3.6	5.3	35.5	0.0	47.5	35.3	21.8	0.0	49.7	50.3	10.7	0.0	2
04:24:24 	92	952	4.0	35.4	38.7	427.3	11.8	1.0	9.9	0.8	1.2E-05	352.0	3.3	5.2	35.5	0.1	47.8	32.8	22.7	0.0	49.7	50.3	10.5	0.0	2
04:24:27 	92	952	4.0	35.5	39.1	427.3	11.8	1.0	10.1	0.7	1.2E-05	352.0	3.6	4.9	35.5	0.0	46.7	35.4	22.1	0.0	49.7	50.3	10.7	0.0	2
04:24:30 	103	943	4.0	35.4	38.7	427.3	15.1	1.3	12.7	1.0	1.2E-05	352.0	3.4	5.9	35.5	0.1	48.7	33.3	22.6	0.0	49.7	50.2	10.5	0.0	2
04:24:33 	149	761	4.0	35.3	39.0	427.3	32.8	2.8	27.8	2.1	1.2E-05	359.8	3.7	5.3	35.5	0.1	48.1	35.0	22.5	0.0	49.7	50.2	11.0	0.0	2
04:24:36 	154	742	4.0	35.4	38.8	427.3	34.2	3.0	28.9	2.3	1.2E-05	368.1	3.4	5.3	35.5	0.1	47.7	33.6	21.9	0.0	49.7	50.2	11.0	0.0	2
04:24:39 	191	672	4.0	35.3	38.9	427.3	52.0	4.2	44.4	3.3	1.2E-05	371.0	3.6	3.7	35.5	0.2	46.7	35.3	21.9	0.0	49.7	50.3	11.5	0.0	2
04:24:42 	198	653	4.0	35.4	38.8	427.3	53.8	4.2	45.9	3.7	1.2E-05	384.7	3.4	5.5	35.5	0.2	47.0	32.9	22.3	0.0	49.7	50.3	11.3	0.0	2
04:24:45 	199	648	4.0	35.5	39.1	427.3	53.1	4.4	45.6	3.2	1.2E-05	372.0	3.6	4.2	35.5	0.2	48.0	35.3	22.3	0.0	49.7	50.2	11.5	0.0	2
04:24:49 	201	645	4.0	35.4	38.8	427.3	54.1	4.2	46.2	3.7	1.2E-05	367.1	3.4	1.2	35.5	0.2	47.8	33.1	21.8	0.0	49.7	50.3	11.7	0.0	2
04:24:52 	238	593	4.0	35.4	39.0	427.3	68.1	5.0	58.8	4.2	1.2E-05	385.2	3.6	5.6	35.5	0.3	49.0	35.0	22.3	0.0	49.7	50.3	11.5	0.0	2
04:24:55 	243	584	4.0	35.3	38.8	427.3	68.9	5.2	59.4	4.1	1.2E-05	374.0	3.5	3.2	35.5	0.3	47.0	33.7	21.8	0.0	49.7	50.3	11.9	0.0	2
04:24:58 	248	577	4.0	35.3	38.8	427.3	69.0	5.1	59.5	4.4	1.2E-05	377.4	3.5	4.9	35.5	0.3	48.5	32.9	22.1	0.0	49.7	50.3	11.5	0.0	2
04:25:01 	252	571	4.0	35.6	38.9	427.3	69.3	5.1	59.6	4.1	1.2E-05	368.6	3.3	4.8	35.5	0.3	47.1	35.2	22.2	0.0	49.7	50.2	11.5	0.0	2
04:25:04 	289	533	4.0	35.5	38.9	427.3	81.1	5.5	70.4	5.0	1.2E-05	377.4	3.5	6.8	35.5	0.3	48.1	35.2	22.7	0.0	49.7	50.3	11.5	0.1	2
04:25:07 	302	518	4.0	35.4	38.9	427.3	82.3	5.8	71.5	5.0	1.2E-05	372.0	3.5	3.0	35.5	0.3	48.0	33.9	21.9	0.0	49.7	50.3	12.0	0.0	2
04:25:10 	310	512	4.0	35.4	39.1	427.3	83.0	5.8	71.8	4.9	1.2E-05	366.2	3.6	6.2	35.5	0.3	47.1	34.1	22.6	0.0	49.7	50.3	11.8	0.1	2
04:25:14 	336	492	4.0	35.2	38.6	427.3	89.3	6.0	77.2	5.9	1.2E-05	370.1	3.3	4.7	35.5	0.3	48.2	32.8	21.9	0.0	49.7	50.3	11.9	0.0	2
04:25:17 	350	481	4.0	35.3	38.9	427.3	90.8	6.3	78.9	5.2	1.2E-05	373.0	3.6	8.9	35.5	0.3	48.6	35.4	22.6	0.0	49.7	50.3	11.6	0.2	2
04:25:20 	359	474	4.0	35.4	38.8	427.3	90.9	5.9	78.3	6.4	1.2E-05	370.1	3.4	5.4	35.5	0.4	47.5	33.5	21.9	0.0	49.7	50.2	11.8	0.1	2
04:25:23 	364	470	4.0	35.6	38.9	427.3	90.7	6.2	78.5	5.6	1.2E-05	359.3	3.3	8.3	35.5	0.4	46.3	35.0	22.7	0.0	49.7	50.2	11.5	0.2	2
04:25:26 	373	465	4.0	35.3	38.5	427.3	91.5	6.1	78.3	6.4	1.2E-05	368.1	3.1	0.1	35.5	0.4	47.8	33.3	21.7	0.0	49.7	50.3	12.5	0.1	2
04:25:29 	377	462	4.0	35.5	38.8	427.3	91.4	6.1	79.5	5.9	1.2E-05	369.1	3.3	4.0	35.5	0.3	47.7	35.2	22.2	0.0	49.7	50.3	11.9	0.0	2
04:25:32 	380	459	4.0	35.2	38.6	427.3	91.2	6.1	78.5	6.0	1.2E-05	363.7	3.4	5.7	35.5	0.4	47.0	33.2	22.7	0.0	49.7	50.3	11.7	0.1	2
04:25:35 	388	455	4.0	35.3	38.7	427.3	91.6	6.1	79.2	6.2	1.2E-05	371.0	3.4	2.6	35.5	0.4	48.6	34.8	22.1	0.0	49.7	50.2	12.2	0.0	2
04:25:39 	388	455	4.0	35.5	39.0	427.3	90.8	6.1	79.0	5.7	1.2E-05	372.5	3.5	7.7	35.5	0.4	47.6	34.8	22.7	0.0	49.7	50.3	11.8	0.1	2
04:25:42 	394	452	4.0	35.2	38.6	427.3	91.8	6.1	79.2	6.2	1.2E-05	367.6	3.4	0.8	35.5	0.4	48.0	33.7	21.8	0.0	49.7	50.3	12.4	0.1	2
04:25:45 	397	449	4.0	35.4	39.0	427.3	91.0	6.1	79.2	5.8	1.2E-05	372.5	3.6	3.9	35.5	0.3	46.3	35.2	22.1	0.0	49.7	50.2	12.2	0.0	2
04:25:48 	399	448	4.0	35.3	38.8	427.3	91.2	6.3	78.8	5.6	1.2E-05	370.6	3.5	8.0	35.5	0.4	47.0	33.6	22.6	0.0	49.7	50.3	11.6	0.2	2
04:25:51 	402	446	4.0	35.4	38.8	427.3	91.2	6.1	79.1	5.8	1.2E-05	368.6	3.4	8.5	35.5	0.3	49.0	33.2	22.6	0.0	49.7	50.3	11.6	0.2	2
04:25:54 	408	442	4.0	35.5	39.1	427.3	92.1	6.1	79.7	5.9	1.2E-05	367.1	3.6	4.2	35.5	0.4	47.5	35.3	21.9	0.0	49.7	50.3	12.0	0.0	2
04:25:57 	408	442	4.0	35.2	38.9	427.3	91.4	6.1	79.4	5.9	1.2E-05	367.6	3.7	7.6	35.5	0.4	46.3	35.3	22.7	0.0	49.7	50.3	11.9	0.2	2
04:26:00 	410	440	4.0	35.5	38.9	427.3	90.9	5.9	78.4	6.4	1.3E-05	359.8	3.4	0.8	35.5	0.4	48.0	33.7	21.8	0.0	49.7	50.2	12.3	0.1	2
04:26:04 	415	439	4.0	35.1	38.7	427.3	92.1	6.2	79.8	5.6	1.2E-05	369.1	3.6	7.4	35.5	0.4	48.1	35.0	22.6	0.0	49.7	50.2	11.6	0.1	2
04:26:07 	415	439	4.0	35.3	38.8	427.3	91.3	6.3	79.2	5.6	1.2E-05	368.1	3.5	1.7	35.5	0.4	48.2	34.0	21.9	0.0	49.7	50.3	12.2	0.0	2
04:26:10 	415	437	4.0	35.4	39.0	427.3	90.8	6.2	79.2	5.7	1.2E-05	369.1	3.5	8.4	35.5	0.4	46.7	34.4	22.3	0.0	49.7	50.3	11.5	0.2	2
04:26:13 	417	437	4.0	35.4	38.9	427.3	91.3	6.3	79.2	5.5	1.2E-05	365.2	3.5	3.6	35.5	0.4	48.2	33.3	22.1	0.0	49.7	50.3	12.0	0.0	2
04:26:16 	419	436	4.0	35.4	39.0	427.3	91.3	6.0	79.4	5.7	1.2E-05	367.6	3.6	3.6	35.5	0.4	48.2	33.2	21.9	0.0	49.7	50.2	12.0	0.0	2
04:26:19 	423	435	4.0	35.4	38.7	427.3	91.3	6.1	79.0	6.1	1.2E-05	371.5	3.4	5.4	35.5	0.4	47.2	35.0	22.6	0.0	49.7	50.2	11.9	0.1	2
04:26:22 	423	433	4.0	35.4	39.0	427.3	91.5	6.3	79.6	5.6	1.2E-05	368.6	3.6	3.3	35.5	0.4	46.0	35.2	21.9	0.0	49.7	50.3	12.3	0.0	2
04:26:25 	431	432	4.0	35.5	39.1	427.3	90.3	6.0	78.5	5.6	1.3E-05	360.3	3.6	3.3	35.5	0.4	49.0	34.9	22.3	0.0	49.7	50.2	12.3	0.0	2
04:26:28 	436	429	4.0	35.4	38.8	427.3	91.9	6.2	79.3	6.0	1.3E-05	375.4	3.4	5.4	35.5	0.4	47.8	33.1	22.5	0.0	49.7	50.3	11.9	0.1	2
04:26:32 	436	427	4.0	35.5	39.0	427.3	92.0	6.0	79.6	6.1	1.3E-05	368.6	3.5	2.5	35.5	0.4	49.0	35.0	22.7	0.0	49.7	50.3	12.2	0.0	2
04:26:35 	437	427	4.0	35.5	38.9	427.3	91.9	6.4	80.0	5.7	1.3E-05	368.1	3.4	2.9	35.5	0.4	47.0	34.8	22.2	0.0	49.8	50.3	12.3	0.0	2
04:26:38 	437	426	4.0	35.4	38.9	427.3	92.7	6.2	80.5	5.9	1.2E-05	366.6	3.5	9.0	35.5	0.4	48.0	34.8	23.0	0.0	49.7	50.3	11.7	0.3	2
04:26:41 	436	429	4.0	35.3	38.9	427.3	92.0	6.2	80.2	5.8	1.2E-05	366.6	3.6	4.2	35.5	0.4	48.2	33.9	21.9	0.0	49.7	50.3	12.0	0.0	2
04:26:44 	437	427	4.0	35.4	38.7	427.3	92.3	6.3	79.4	5.9	1.2E-05	360.3	3.3	6.1	35.5	0.4	48.6	33.7	22.7	0.0	49.7	50.3	11.9	0.1	2
04:26:47 	437	427	4.0	35.5	38.9	427.3	91.8	6.1	79.4	6.1	1.2E-05	369.1	3.4	6.1	35.5	0.4	47.8	34.0	22.5	0.0	49.7	50.3	12.0	0.1	2
04:26:50 	437	427	4.0	35.1	38.7	427.3	90.1	6.3	78.5	5.6	1.3E-05	361.8	3.6	4.0	35.5	0.4	47.0	35.3	22.2	0.0	49.7	50.3	12.1	0.0	2
04:26:54 	437	426	4.0	35.3	38.8	427.3	91.4	6.5	79.5	5.4	1.2E-05	368.6	3.5	3.9	35.5	0.4	48.0	35.2	22.1	0.0	49.8	50.3	11.9	0.0	2
04:26:57 	442	424	4.0	35.2	38.7	427.3	91.8	6.3	79.5	5.8	1.3E-05	362.7	3.5	4.4	35.5	0.4	49.0	35.4	21.9	0.0	49.7	50.3	11.8	0.0	2
04:27:00 	442	424	4.0	35.4	39.0	427.3	92.0	6.3	79.6	5.5	1.3E-05	367.6	3.6	4.3	35.5	0.4	46.0	35.3	22.3	0.0	49.7	50.3	12.2	0.0	2
04:27:03 	442	424	4.0	35.2	38.8	427.3	92.1	6.6	79.8	5.5	1.2E-05	363.2	3.6	6.8	35.5	0.4	48.2	34.0	22.5	0.0	49.7	50.2	11.7	0.1	2
04:27:06 	442	424	4.0	35.5	38.8	427.3	90.6	6.2	78.4	6.3	1.3E-05	369.1	3.2	5.8	35.5	0.4	48.5	33.1	22.2	0.0	49.7	50.3	12.0	0.1	2
04:27:09 	446	423	4.0	35.3	39.1	427.3	91.7	6.5	79.9	5.6	1.3E-05	369.6	3.8	3.2	35.5	0.4	46.0	35.2	21.9	0.0	49.7	50.2	12.3	0.0	2
04:27:12 	446	423	4.0	35.3	38.9	427.3	91.7	6.4	79.5	5.8	1.3E-05	366.6	3.6	6.1	35.5	0.4	49.0	35.0	22.5	0.0	49.7	50.3	11.8	0.1	2
04:27:15 	446	423	4.0	35.6	39.1	427.3	92.2	6.5	79.7	5.5	1.2E-05	368.6	3.5	3.3	35.5	0.4	48.0	33.2	21.9	0.0	49.7	50.3	12.1	0.0	2
04:27:18 	446	423	4.0	35.5	39.0	427.3	92.1	6.4	79.4	5.4	1.2E-05	368.6	3.5	3.2	35.5	0.4	46.0	33.5	21.7	0.0	49.7	50.2	12.4	0.0	2
04:27:21 	445	421	4.0	35.4	38.9	427.3	92.0	6.5	80.0	5.6	1.2E-05	360.3	3.5	3.3	35.5	0.4	49.0	33.5	22.1	0.0	49.7	50.2	12.1	0.0	2
04:27:24 	446	421	4.0	35.5	39.1	427.3	91.4	6.4	79.8	5.7	1.2E-05	368.6	3.6	3.5	35.5	0.4	47.0	33.2	22.2	0.0	49.7	50.3	12.2	0.0	2
04:27:28 	447	423	4.0	35.4	38.7	427.3	92.0	6.3	79.2	5.7	1.2E-05	365.2	3.4	6.6	35.5	0.4	48.2	33.9	22.7	0.0	49.7	50.3	11.8	0.1	2
04:27:31 	447	421	4.0	35.5	39.0	427.3	91.7	6.2	79.8	5.6	1.2E-05	374.0	3.5	4.0	35.5	0.4	46.0	35.3	21.8	0.0	49.7	50.2	12.2	0.0	2
04:27:34 	447	423	4.0	35.6	38.9	427.3	91.0	7.2	79.1	4.5	1.2E-05	365.7	3.3	10.1	35.5	0.4	47.5	34.0	22.7	0.0	49.7	50.3	11.4	0.4	2
04:27:37 	448	423	4.0	35.6	38.5	427.3	91.8	6.2	79.0	6.1	1.2E-05	361.8	3.0	2.3	35.5	0.4	47.8	34.1	22.2	0.0	49.7	50.3	12.1	0.0	2
04:27:40 	448	423	4.0	35.3	38.9	427.3	91.6	6.6	79.8	5.2	1.2E-05	364.7	3.6	9.7	35.5	0.4	46.2	34.4	22.7	0.0	49.7	50.3	11.5	0.3	2
04:27:43 	449	420	4.0	35.5	38.9	427.3	92.1	6.5	79.1	5.5	1.3E-05	366.6	3.4	0.2	35.5	0.4	49.0	33.9	21.8	0.0	49.7	50.2	12.4	0.1	2
04:27:46 	450	420	4.0	35.4	39.0	427.3	91.9	6.6	79.6	5.1	1.2E-05	366.6	3.6	8.4	35.5	0.4	47.0	33.9	22.5	0.0	49.7	50.3	11.7	0.2	2
04:27:49 	450	421	4.0	35.4	38.8	427.3	91.7	6.2	79.2	6.1	1.2E-05	363.7	3.4	1.4	35.5	0.4	47.0	34.8	21.8	0.0	49.7	50.3	12.4	0.1	2
04:27:52 	449	420	4.0	35.4	39.0	427.3	91.4	6.7	79.8	5.2	1.2E-05	369.1	3.6	8.1	35.5	0.4	47.5	33.3	22.5	0.0	49.8	50.2	11.5	0.2	2
04:27:55 	451	420	4.0	35.4	38.9	427.3	91.6	6.5	79.4	5.6	1.2E-05	368.1	3.5	0.1	35.5	0.4	48.2	34.5	21.5	0.0	49.7	50.3	12.6	0.1	2
04:27:59 	451	420	4.0	35.4	38.9	427.3	91.9	6.6	79.6	5.1	1.2E-05	370.6	3.6	9.5	35.5	0.4	48.0	34.1	22.2	0.0	49.7	50.2	11.6	0.3	2
04:28:02 	450	420	4.0	35.3	38.7	427.3	91.8	6.3	79.3	5.8	1.2E-05	363.2	3.4	4.4	35.5	0.4	46.0	33.3	21.9	0.0	49.7	50.3	11.9	0.0	2
04:28:05 	451	421	4.0	35.4	38.8	427.3	91.1	6.3	79.0	5.8	1.2E-05	366.6	3.4	4.4	35.5	0.4	48.7	33.3	21.8	0.0	49.7	50.3	11.9	0.0	2
04:28:08 	451	420	4.0	35.3	38.8	427.3	91.1	6.5	78.9	5.6	1.2E-05	362.3	3.5	-0.2	35.5	0.4	47.5	34.6	22.1	0.0	49.7	50.3	12.7	0.1	2
04:28:11 	451	420	4.0	35.4	38.8	427.3	92.0	6.8	79.8	5.1	1.2E-05	367.6	3.4	2.6	35.5	0.4	46.7	34.9	21.5	0.0	49.8	50.3	12.4	0.0	2
04:28:14 	452	420	4.0	35.3	38.7	427.3	91.6	6.4	79.0	5.9	1.2E-05	361.8	3.4	7.4	35.5	0.4	48.0	32.9	22.1	0.0	49.7	50.2	11.8	0.1	2
04:28:17 	455	418	4.0	35.2	38.9	427.3	92.5	6.8	80.1	5.2	1.2E-05	366.6	3.6	3.0	35.5	0.4	49.0	35.4	21.8	0.0	49.7	50.3	12.2	0.0	2
04:28:21 	455	418	4.0	35.3	38.7	427.3	91.9	6.5	79.6	5.8	1.2E-05	366.6	3.4	2.8	35.5	0.4	48.0	33.2	21.3	0.0	49.7	50.3	12.3	0.0	2
04:28:24 	456	417	4.0	35.2	39.4	427.3	92.7	6.9	80.2	5.2	1.3E-05	370.1	4.2	7.8	35.5	0.4	46.5	35.2	22.3	0.0	49.7	50.3	12.0	0.2	2
04:28:27 	455	418	4.0	35.2	39.1	427.3	92.0	6.7	79.9	5.5	1.2E-05	369.1	3.9	2.9	35.5	0.4	48.5	34.4	21.9	0.0	49.7	50.3	12.1	0.0	2
04:28:30 	456	418	4.0	35.4	38.8	427.3	92.1	6.9	79.9	5.2	1.2E-05	366.2	3.4	6.8	35.5	0.4	47.0	33.3	21.8	0.0	49.7	50.3	11.7	0.1	2
04:28:33 	457	417	4.0	35.4	39.0	427.3	91.9	6.8	79.4	5.7	1.2E-05	366.2	3.6	5.1	35.5	0.4	47.5	33.7	21.7	0.0	49.7	50.2	12.1	0.0	2
04:28:36 	459	416	4.0	35.3	39.1	427.3	91.8	6.7	79.6	4.8	1.3E-05	370.1	3.8	5.7	35.5	0.4	46.1	35.7	21.5	0.0	49.8	50.3	12.2	0.1	2
04:28:39 	465	414	4.0	35.8	39.1	427.3	93.0	5.6	80.7	6.6	1.2E-05	372.0	3.3	5.8	35.5	0.4	48.2	32.9	22.5	0.0	49.9	50.2	11.7	0.1	2
04:28:42 	463	414	4.0	35.5	39.3	427.3	92.6	5.9	81.1	5.7	1.3E-05	368.6	3.8	4.7	35.5	0.4	47.2	35.7	21.5	0.0	49.9	50.3	12.0	0.0	2
04:28:45 	458	417	4.0	35.3	38.7	427.3	92.0	5.5	80.0	6.5	1.3E-05	369.1	3.5	5.9	35.5	0.4	47.0	33.2	22.3	0.0	49.9	50.3	11.6	0.1	2
04:28:48 	458	417	4.0	35.3	38.8	427.3	92.0	5.6	80.1	6.4	1.2E-05	366.6	3.4	2.1	35.5	0.4	47.2	33.9	21.4	0.0	49.9	50.3	12.3	0.0	2
04:28:52 	458	417	4.0	35.2	38.9	427.3	92.1	6.1	80.6	5.4	1.2E-05	361.8	3.7	9.5	35.5	0.4	46.5	34.3	22.6	0.0	49.9	50.3	11.6	0.3	2
04:28:55 	458	416	4.0	35.4	38.7	427.3	92.2	5.5	79.8	6.7	1.3E-05	362.7	3.3	5.9	35.5	0.4	47.5	33.6	21.9	0.0	49.9	50.3	11.8	0.1	2
04:28:58 	458	417	4.0	35.4	39.1	427.3	91.2	6.5	80.1	4.6	1.3E-05	368.6	3.8	9.3	35.5	0.4	47.2	35.3	22.2	0.0	49.9	50.3	11.8	0.3	2
04:29:01 	458	416	4.0	35.4	38.8	427.3	91.7	5.8	79.6	6.2	1.2E-05	365.7	3.4	5.6	35.5	0.4	47.7	33.6	22.1	0.0	49.9	50.2	11.9	0.1	2
04:29:04 	458	417	4.0	35.3	39.1	427.3	91.8	5.8	80.2	5.6	1.3E-05	361.8	3.8	5.8	35.5	0.4	45.0	35.3	21.8	0.0	49.9	50.3	12.0	0.1	2
04:29:07 	458	417	4.0	35.4	38.7	427.3	91.6	5.6	79.2	6.4	1.3E-05	369.6	3.4	6.8	35.5	0.4	48.7	32.8	22.5	0.0	49.9	50.3	11.8	0.1	2
04:29:10 	458	416	4.0	35.4	39.0	427.3	91.9	5.7	80.4	5.4	1.3E-05	358.3	3.6	5.4	35.5	0.4	47.2	35.2	21.8	0.0	50.0	50.3	11.9	0.0	2
04:29:13 	460	416	4.0	35.4	38.7	427.3	91.6	5.5	79.8	6.7	1.2E-05	366.2	3.3	4.2	35.5	0.4	48.0	32.9	22.3	0.0	49.9	50.3	12.0	0.0	2
04:29:16 	459	414	4.0	35.6	39.3	427.3	92.3	5.9	80.7	5.7	1.2E-05	368.1	3.7	2.9	35.5	0.4	46.0	35.3	21.8	0.0	49.9	50.3	12.5	0.0	2
04:29:19 	459	417	4.0	35.4	38.8	427.3	92.0	5.7	79.7	6.2	1.2E-05	369.6	3.4	5.2	35.5	0.4	48.0	33.1	22.2	0.0	49.9	50.3	11.8	0.0	2
04:29:23 	460	417	4.0	35.3	38.8	427.3	91.9	5.7	79.9	6.3	1.2E-05	366.6	3.5	5.1	35.5	0.4	46.8	33.3	22.2	0.0	49.9	50.2	12.0	0.0	2
04:29:26 	460	417	4.0	35.4	38.9	427.3	91.7	5.9	79.9	5.9	1.3E-05	369.1	3.5	5.1	35.5	0.4	46.7	33.3	22.1	0.0	49.9	50.2	11.8	0.0	2
04:29:29 	459	417	4.0	35.3	38.8	427.3	91.7	5.6	79.6	5.9	1.2E-05	367.6	3.5	5.1	35.5	0.4	47.7	33.6	22.1	0.0	49.9	50.3	12.0	0.0	2
04:29:32 	459	417	4.0	35.3	38.9	427.3	91.8	5.7	79.4	6.3	1.3E-05	367.1	3.7	4.9	35.5	0.4	47.3	33.7	21.8	0.0	49.9	50.3	12.2	0.0	2
04:29:35 	460	416	4.0	35.5	39.0	427.3	91.9	5.8	79.8	6.1	1.2E-05	369.1	3.5	4.9	35.5	0.4	46.5	34.0	21.9	0.0	49.9	50.3	11.9	0.0	2
04:29:38 	459	416	4.0	35.3	38.7	427.3	91.7	5.8	79.7	6.2	1.2E-05	364.2	3.4	4.9	35.5	0.4	47.2	33.9	21.7	0.0	49.9	50.3	11.8	0.0	2
04:29:41 	459	417	4.0	35.4	39.1	427.3	90.0	6.0	78.1	5.2	1.3E-05	358.3	3.6	9.0	35.5	0.4	46.0	34.6	22.2	0.0	49.9	50.3	11.9	0.3	2
04:29:44 	459	416	4.0	35.3	38.7	427.3	91.4	5.7	79.5	6.4	1.2E-05	370.1	3.4	0.5	35.5	0.4	48.0	33.6	21.5	0.0	49.9	50.3	12.4	0.1	2
04:29:47 	460	416	4.0	35.4	39.1	427.3	91.8	6.2	80.0	5.6	1.3E-05	367.6	3.7	9.0	35.5	0.4	47.0	34.9	22.5	0.0	49.9	50.3	11.5	0.3	2
04:29:51 	459	416	4.0	35.2	39.1	427.3	91.7	5.8	79.5	6.2	1.2E-05	363.2	3.9	2.5	35.5	0.4	47.2	33.6	21.4	0.0	49.9	50.3	12.5	0.0	2
04:29:54 	459	416	4.0	35.6	38.7	427.3	90.5	6.0	79.5	4.8	1.2E-05	368.1	3.1	10.2	35.5	0.4	47.0	34.8	22.5	0.0	50.0	50.3	11.4	0.4	2
04:29:57 	459	416	4.0	35.4	38.8	427.3	91.8	5.2	79.4	6.7	1.2E-05	369.6	3.3	0.1	35.5	0.4	47.5	34.0	21.4	0.0	50.0	50.3	12.6	0.1	2
04:30:00 	460	416	4.0	35.3	39.0	427.3	91.6	5.3	79.7	6.4	1.2E-05	363.2	3.6	8.5	35.5	0.4	47.6	34.4	22.5	0.0	50.0	50.3	11.5	0.2	2
04:30:03 	459	416	4.0	35.5	38.9	427.3	91.3	5.3	79.3	6.8	1.2E-05	369.1	3.4	0.8	35.5	0.4	46.5	34.5	21.7	0.0	50.0	50.3	12.7	0.1	2
04:30:06 	459	416	4.0	35.3	39.0	427.3	90.5	6.1	79.5	4.8	1.2E-05	361.3	3.7	10.1	35.5	0.4	47.2	33.7	22.5	0.0	50.0	50.3	11.4	0.4	2
04:30:09 	462	414	4.0	35.2	38.6	427.3	91.9	5.3	79.8	6.4	1.2E-05	368.1	3.3	0.6	35.5	0.4	45.7	34.6	21.8	0.0	50.0	50.3	12.4	0.1	2
04:30:12 	462	416	4.0	35.5	39.1	427.3	91.3	5.2	79.5	6.6	1.3E-05	368.6	3.7	8.4	35.5	0.4	47.7	33.2	22.3	0.0	50.0	50.2	11.7	0.2	2
04:30:15 	462	414	4.0	35.5	39.0	427.3	91.9	5.6	80.5	5.7	1.2E-05	369.6	3.5	4.7	35.5	0.4	47.0	35.2	21.7	0.0	50.0	50.3	12.0	0.0	2
04:30:19 	462	416	4.0	35.5	38.8	427.3	91.7	5.3	79.6	6.5	1.2E-05	368.1	3.3	6.2	35.5	0.4	46.1	32.9	22.3	0.0	50.0	50.3	11.8	0.1	2
04:30:22 	462	416	4.0	35.6	38.9	427.3	92.1	5.6	80.8	5.5	1.3E-05	366.6	3.3	3.9	35.5	0.4	46.2	35.4	21.5	0.0	50.0	50.3	12.0	0.0	2
04:30:25 	462	416	4.0	35.1	39.0	427.3	91.6	5.4	79.4	6.6	1.2E-05	368.6	3.9	6.7	35.5	0.4	47.5	33.5	22.3	0.0	50.0	50.2	11.9	0.1	2
04:30:28 	462	416	4.0	35.4	39.0	427.3	92.1	5.6	80.3	5.8	1.2E-05	371.5	3.6	4.2	35.5	0.4	45.7	35.2	22.1	0.0	50.0	50.3	12.1	0.0	2
04:30:31 	462	416	4.0	35.4	38.8	427.3	91.8	5.2	79.6	6.9	1.2E-05	366.6	3.4	3.9	35.5	0.4	47.6	32.8	21.8	0.0	50.0	50.3	12.0	0.0	2
04:30:34 	462	416	4.0	35.4	39.1	427.3	91.5	5.5	80.0	5.9	1.3E-05	373.5	3.7	3.8	35.5	0.4	46.1	35.4	22.1	0.0	49.9	50.3	12.2	0.0	2
04:30:37 	462	416	4.0	35.4	38.8	427.3	91.8	5.3	79.5	6.6	1.2E-05	364.2	3.3	3.6	35.5	0.4	47.3	33.2	21.8	0.0	49.9	50.2	12.1	0.0	2
04:30:41 	462	416	4.0	35.5	39.1	427.3	91.1	6.0	80.1	5.1	1.2E-05	368.6	3.7	9.6	35.5	0.4	46.7	35.0	22.5	0.0	49.9	50.3	11.5	0.3	2
04:30:44 	463	416	4.0	35.2	38.9	427.3	91.3	5.5	79.5	6.4	1.2E-05	357.9	3.6	1.1	35.5	0.4	47.6	33.5	21.8	0.0	50.0	50.3	12.5	0.1	2
04:30:47 	463	416	4.0	35.4	39.0	427.3	92.4	5.6	80.3	5.7	1.2E-05	365.7	3.6	5.2	35.5	0.4	46.0	35.0	22.3	0.0	50.0	50.3	12.1	0.0	2
04:30:50 	464	416	4.0	35.4	38.7	427.3	92.0	5.4	79.5	6.5	1.2E-05	369.1	3.3	0.0	35.5	0.4	47.0	33.1	21.5	0.0	50.0	50.3	12.6	0.1	2
04:30:53 	464	414	4.0	35.4	39.0	427.3	91.5	5.8	80.1	5.5	1.2E-05	361.8	3.7	8.0	35.5	0.4	48.0	34.4	22.2	0.0	50.1	50.2	11.7	0.2	2
04:30:56 	464	416	4.0	35.3	38.6	427.3	91.3	5.5	79.1	6.5	1.2E-05	370.1	3.3	-0.2	35.5	0.4	45.3	34.3	21.5	0.0	50.1	50.3	12.6	0.1	2
04:30:59 	463	414	4.0	35.4	39.0	427.3	91.5	5.7	79.9	5.9	1.3E-05	366.2	3.6	9.3	35.5	0.4	47.5	33.5	22.5	0.0	50.1	50.3	11.8	0.3	2
04:31:02 	464	414	4.0	35.4	39.0	427.3	91.3	5.7	80.3	6.0	1.2E-05	363.2	3.6	5.3	35.5	0.4	47.0	35.3	21.7	0.0	50.1	50.3	11.8	0.0	2
04:31:05 	463	414	4.0	35.4	39.0	427.3	91.6	5.7	79.8	6.0	1.2E-05	360.3	3.6	8.6	35.5	0.4	46.8	33.7	22.5	0.0	50.1	50.2	11.7	0.2	2
04:31:09 	465	414	4.0	35.7	38.9	427.3	91.9	5.6	80.2	6.1	1.2E-05	367.1	3.2	4.4	35.5	0.4	46.5	35.0	21.4	0.0	50.1	50.3	12.0	0.0	2
04:31:12 	465	414	4.0	35.3	38.8	427.3	92.0	5.8	80.3	5.8	1.2E-05	361.3	3.4	9.3	35.5	0.4	46.7	33.7	22.2	0.0	50.1	50.2	11.5	0.3	2
04:31:15 	464	413	4.0	35.5	39.1	427.3	92.3	5.9	80.1	5.5	1.2E-05	369.6	3.6	5.2	35.5	0.4	47.0	35.3	21.8	0.0	50.1	50.3	12.0	0.0	2
04:31:18 	465	413	4.0	35.3	38.6	427.3	91.7	5.4	79.3	7.0	1.2E-05	369.6	3.3	5.5	35.5	0.4	48.0	32.9	22.5	0.0	50.1	50.3	11.8	0.0	2
04:31:21 	464	414	4.0	35.4	39.0	427.3	92.1	5.9	80.2	5.5	1.2E-05	366.2	3.6	4.2	35.5	0.4	47.6	35.2	21.7	0.0	50.1	50.3	12.3	0.0	2
04:31:24 	465	413	4.0	35.2	38.5	427.3	91.4	5.6	79.4	6.4	1.2E-05	366.6	3.3	4.4	35.5	0.4	47.1	33.2	22.6	0.0	50.1	50.3	12.0	0.0	2
04:31:27 	465	414	4.0	35.4	39.1	427.3	91.9	5.7	80.2	5.6	1.2E-05	371.5	3.7	3.3	35.5	0.4	47.2	35.3	21.7	0.0	50.1	50.2	12.1	0.0	2
04:31:30 	465	414	4.0	35.3	38.6	427.3	91.9	5.4	79.5	6.3	1.2E-05	368.6	3.3	4.7	35.5	0.4	46.8	33.2	22.2	0.0	50.1	50.2	11.9	0.0	2
04:31:33 	465	414	4.0	35.5	39.1	427.3	92.4	5.9	80.6	5.5	1.2E-05	366.6	3.7	4.0	35.5	0.4	46.5	35.4	21.5	0.0	50.1	50.2	12.1	0.0	2
04:31:36 	466	414	4.0	35.3	38.5	427.3	91.4	5.4	79.1	6.9	1.3E-05	366.6	3.3	5.4	35.5	0.4	46.5	32.9	22.7	0.0	50.1	50.2	11.8	0.1	2
04:31:39 	465	414	4.0	35.4	39.1	427.3	92.0	5.8	80.5	5.8	1.3E-05	367.6	3.7	5.4	35.5	0.4	46.8	35.4	21.7	0.0	50.1	50.3	12.1	0.0	2
04:31:43 	465	413	4.0	35.5	38.6	427.3	91.3	5.5	79.5	6.8	1.2E-05	364.2	3.2	5.4	35.5	0.4	46.0	32.9	22.5	0.0	50.1	50.3	11.8	0.1	2
04:31:46 	465	414	4.0	35.5	38.8	427.3	92.2	5.9	80.2	5.6	1.2E-05	364.2	3.3	4.2	35.5	0.4	46.6	35.4	21.8	0.0	50.1	50.2	12.3	0.0	2
04:31:49 	465	414	4.0	35.3	38.6	427.3	91.9	5.5	79.3	6.8	1.2E-05	363.2	3.2	5.4	35.5	0.4	45.3	33.3	22.5	0.0	50.1	50.2	11.7	0.1	2
04:31:52 	465	414	4.0	35.4	39.0	427.3	92.0	5.7	80.2	5.9	1.3E-05	371.0	3.6	3.7	35.5	0.4	48.0	35.2	21.7	0.0	50.1	50.3	12.1	0.0	2
04:31:55 	466	413	4.0	35.4	39.0	427.3	92.0	6.0	80.2	5.4	1.2E-05	368.6	3.6	7.9	35.5	0.4	47.0	33.7	22.5	0.0	50.1	50.3	11.8	0.2	2
04:31:58 	465	413	4.0	35.5	39.1	427.3	92.1	6.0	80.2	5.4	1.2E-05	359.3	3.7	2.8	35.5	0.4	47.3	35.4	21.5	0.0	50.1	50.3	12.3	0.0	2
04:32:01 	465	414	4.0	35.2	38.8	427.3	91.7	5.5	79.3	6.7	1.2E-05	367.6	3.6	3.3	35.5	0.4	46.1	32.9	22.5	0.0	50.1	50.3	12.2	0.0	2
04:32:04 	466	413	4.0	35.4	38.9	427.3	91.5	5.8	80.0	5.9	1.3E-05	371.5	3.5	3.9	35.5	0.4	45.7	35.2	21.7	0.0	50.1	50.3	12.2	0.0	2
04:32:08 	466	414	4.0	35.2	39.2	427.3	92.0	6.1	80.0	5.6	1.2E-05	363.2	4.0	8.7	35.5	0.4	47.0	34.9	22.5	0.0	50.1	50.3	11.5	0.2	2
04:32:11 	465	414	4.0	35.4	38.6	427.3	92.0	6.0	79.8	5.7	1.2E-05	367.6	3.2	0.8	35.5	0.4	46.6	34.8	21.7	0.0	50.1	50.3	12.3	0.1	2
04:32:14 	465	413	4.0	35.4	39.0	427.3	91.6	6.1	79.9	5.6	1.2E-05	363.2	3.7	8.1	35.5	0.4	47.0	33.9	22.5	0.0	50.1	50.3	11.9	0.2	2
04:32:17 	466	413	4.0	35.5	38.9	427.3	91.2	5.8	79.2	6.5	1.2E-05	366.2	3.4	-0.1	35.5	0.4	45.0	34.6	21.7	0.0	50.0	50.3	12.9	0.1	2
04:32:20 	466	413	4.0	35.4	39.0	427.3	91.3	6.0	79.7	5.7	1.2E-05	369.6	3.6	8.8	35.5	0.4	45.7	33.6	22.3	0.0	50.1	50.3	11.9	0.3	2
04:32:23 	467	413	4.0	35.3	39.0	427.3	91.7	6.0	80.1	5.7	1.2E-05	364.7	3.6	4.3	35.5	0.4	48.0	35.4	21.9	0.0	50.1	50.2	12.0	0.0	2
04:32:26 	467	413	4.0	35.3	38.7	427.3	91.5	6.0	79.6	6.3	1.2E-05	370.6	3.4	4.9	35.5	0.4	46.7	33.2	22.1	0.0	50.0	50.3	11.9	0.0	2
04:32:29 	467	413	4.0	35.3	39.0	427.3	91.8	6.1	80.0	5.6	1.2E-05	371.0	3.6	5.0	35.5	0.4	47.3	35.3	22.2	0.0	50.0	50.3	11.9	0.0	2
04:32:32 	467	414	4.0	35.4	38.9	427.3	91.5	5.9	79.4	6.1	1.2E-05	366.2	3.5	5.4	35.5	0.4	46.5	33.2	22.5	0.0	50.0	50.3	11.8	0.1	2
04:32:36 	467	413	4.0	35.3	38.8	427.3	91.9	6.0	79.7	5.9	1.2E-05	364.2	3.5	5.3	35.5	0.4	46.1	33.7	22.1	0.0	50.0	50.3	11.8	0.0	2
04:32:39 	467	413	4.0	35.1	38.6	427.3	91.4	5.9	79.1	5.9	1.3E-05	364.7	3.4	2.8	35.5	0.4	46.6	34.0	21.9	0.0	50.0	50.3	12.0	0.0	2
04:32:42 	467	413	4.0	35.4	38.8	427.3	91.8	5.8	79.5	6.3	1.2E-05	366.2	3.4	3.0	35.5	0.4	45.7	35.0	22.3	0.0	50.0	50.3	12.3	0.0	2
04:32:45 	467	414	4.0	35.4	38.9	427.3	91.8	6.0	79.8	5.9	1.2E-05	369.6	3.5	3.6	35.5	0.4	47.7	35.2	22.2	0.0	50.1	50.2	12.0	0.0	2
04:32:48 	467	413	4.0	35.7	39.4	427.3	90.8	6.8	79.1	4.3	1.2E-05	366.2	3.7	9.6	35.5	0.4	47.0	35.3	22.9	0.0	50.1	50.3	11.9	0.3	2
04:32:51 	468	414	4.0	35.5	38.7	427.3	91.9	5.9	79.5	6.2	1.2E-05	358.8	3.2	0.8	35.5	0.4	45.0	33.9	21.8	0.0	50.1	50.2	12.4	0.1	2
04:32:54 	468	413	4.0	35.3	38.9	427.3	91.9	6.4	80.2	5.3	1.2E-05	365.7	3.6	8.6	35.5	0.4	48.0	34.8	22.5	0.0	50.0	50.2	11.6	0.2	2
04:32:58 	468	413	4.0	35.5	38.8	427.3	91.8	6.0	79.1	6.2	1.2E-05	365.7	3.3	0.3	35.5	0.4	46.8	33.7	21.7	0.0	50.0	50.3	12.8	0.1	2
04:33:01 	470	413	4.0	35.4	39.1	427.3	92.2	6.2	80.0	5.4	1.2E-05	368.1	3.7	9.1	35.5	0.4	46.2	33.9	22.7	0.0	50.1	50.2	11.6	0.3	2
04:33:04 	469	413	4.0	35.4	38.6	427.3	92.1	6.1	80.0	5.5	1.2E-05	362.3	3.2	1.5	35.5	0.4	48.0	35.0	21.8	0.0	50.1	50.2	12.3	0.0	2
04:33:07 	469	411	4.0	35.3	38.9	427.3	91.6	6.0	79.8	6.2	1.2E-05	369.1	3.5	6.1	35.5	0.4	48.0	33.3	22.7	0.0	50.1	50.3	12.0	0.1	2
04:33:10 	469	411	4.0	35.3	38.8	427.3	91.9	6.3	79.7	5.5	1.2E-05	368.1	3.5	6.1	35.5	0.4	46.0	32.9	22.2	0.0	50.1	50.3	11.9	0.1	2
04:33:13 	470	413	4.0	35.4	38.8	427.3	92.2	6.2	79.8	5.5	1.3E-05	366.6	3.4	1.9	35.5	0.4	46.0	34.1	21.9	0.0	50.1	50.3	12.5	0.0	2
04:33:16 	470	411	4.0	35.4	38.9	427.3	92.2	6.2	79.9	5.6	1.2E-05	362.3	3.5	8.6	35.5	0.4	48.0	33.1	22.6	0.0	50.1	50.3	11.7	0.2	2
04:33:19 	469	411	4.0	35.5	39.3	427.3	92.0	6.4	80.1	5.1	1.2E-05	366.2	3.8	4.8	35.5	0.4	47.5	35.3	21.9	0.0	50.1	50.3	12.2	0.0	2
04:33:22 	469	413	4.0	35.4	38.8	427.3	91.8	6.1	79.2	5.8	1.3E-05	360.8	3.4	5.4	35.5	0.4	46.2	33.7	22.3	0.0	50.0	50.3	11.9	0.1	2
04:33:25 	469	411	4.0	35.2	39.2	427.3	92.2	6.1	80.0	5.7	1.2E-05	369.6	4.0	3.6	35.5	0.4	48.0	35.3	22.1	0.0	50.1	50.2	12.4	0.0	2
04:33:29 	469	411	4.0	35.4	38.7	427.3	91.2	6.0	79.0	6.2	1.3E-05	367.6	3.3	2.5	35.5	0.4	46.5	33.6	21.8	0.0	50.1	50.3	12.2	0.0	2
04:33:32 	471	411	4.0	35.2	38.8	427.3	90.7	7.5	79.2	3.9	1.2E-05	369.6	3.6	10.1	35.5	0.4	46.8	34.4	22.9	0.0	50.1	50.3	11.7	0.4	2
04:33:35 	470	411	4.0	35.4	38.7	427.3	91.4	5.3	79.3	6.8	1.3E-05	368.6	3.3	1.2	35.5	0.4	48.0	34.9	21.8	0.0	50.3	50.2	12.3	0.1	2
04:33:38 	470	411	4.0	35.3	38.8	427.3	91.8	5.4	80.0	6.7	1.2E-05	369.1	3.5	7.3	35.5	0.4	45.0	33.3	22.6	0.0	50.3	50.3	11.9	0.1	2
04:33:41 	470	411	4.0	35.2	38.8	427.3	91.8	5.7	80.4	6.1	1.3E-05	369.1	3.7	5.2	35.5	0.4	48.0	35.2	22.1	0.0	50.3	50.3	11.9	0.0	2
04:33:44 	470	411	4.0	35.2	38.5	427.3	91.7	5.5	79.6	6.7	1.2E-05	367.6	3.3	5.0	35.5	0.4	46.7	33.1	22.5	0.0	50.3	50.3	11.7	0.0	2
04:33:47 	474	411	4.0	35.5	39.0	427.3	92.9	5.8	81.1	5.6	1.2E-05	367.1	3.4	5.0	35.5	0.4	47.2	35.2	22.1	0.0	50.3	50.3	12.2	0.0	2
04:33:50 	474	410	4.0	35.2	38.9	427.3	92.4	5.4	80.3	7.1	1.2E-05	374.5	3.7	6.0	35.5	0.4	46.2	33.2	22.6	0.0	50.2	50.2	11.9	0.1	2
04:33:53 	473	410	4.0	35.2	39.1	427.3	92.4	5.7	80.8	6.0	1.2E-05	368.1	3.9	5.2	35.5	0.4	46.7	35.3	21.8	0.0	50.2	50.3	11.9	0.0	2
04:33:56 	473	410	4.0	35.4	38.7	427.3	92.0	5.4	79.9	7.0	1.2E-05	367.1	3.3	5.9	35.5	0.4	46.5	33.1	22.6	0.0	50.2	50.3	12.0	0.1	2
04:34:00 	473	410	4.0	35.6	39.3	427.3	92.3	5.7	80.8	6.1	1.2E-05	369.6	3.7	5.1	35.5	0.4	46.6	35.4	22.1	0.0	50.3	50.3	11.9	0.0	2
04:34:03 	473	411	4.0	35.4	38.8	427.3	91.8	5.6	79.6	6.7	1.2E-05	370.1	3.4	5.8	35.5	0.4	45.3	33.5	22.3	0.0	50.3	50.2	11.8	0.1	2
04:34:06 	474	408	4.0	35.3	38.9	427.3	92.2	5.6	80.5	6.4	1.2E-05	367.6	3.6	4.1	35.5	0.4	47.0	35.0	22.1	0.0	50.2	50.3	12.2	0.0	2
04:34:09 	473	410	4.0	35.1	38.5	427.3	91.9	5.4	79.6	6.7	1.3E-05	366.6	3.4	6.0	35.5	0.4	45.3	33.2	21.9	0.0	50.3	50.3	11.9	0.1	2
04:34:12 	473	411	4.0	35.3	39.1	427.3	92.4	5.9	80.7	5.6	1.2E-05	360.8	3.8	5.4	35.5	0.4	48.0	35.2	22.1	0.0	50.3	50.2	11.9	0.0	2
04:34:15 	473	410	4.0	35.3	39.0	427.3	91.9	5.5	79.8	6.9	1.2E-05	363.7	3.7	2.8	35.5	0.4	48.0	32.7	21.8	0.0	50.2	50.3	12.4	0.0	2
04:34:18 	473	410	4.0	35.3	39.1	427.3	92.1	5.7	80.6	5.9	1.2E-05	368.1	3.8	6.3	35.5	0.4	45.3	35.2	22.3	0.0	50.2	50.2	11.9	0.1	2
04:34:21 	473	410	4.0	35.6	38.7	427.3	91.8	3.8	79.4	8.4	1.3E-05	359.8	3.1	0.6	35.5	0.4	47.0	32.9	21.9	0.0	50.6	50.3	12.5	0.1	2
04:34:24 	473	408	4.0	35.5	39.2	427.3	92.4	5.6	80.7	6.0	1.2E-05	372.0	3.7	5.5	35.5	0.4	46.1	35.4	22.5	0.0	50.2	50.2	11.9	0.1	2
04:34:28 	473	411	4.0	35.6	39.0	427.3	91.9	5.4	79.4	6.5	1.3E-05	366.2	3.4	6.7	35.5	0.4	46.7	33.5	22.5	0.0	50.3	50.3	11.6	0.1	2
04:34:31 	474	410	4.0	35.4	39.2	427.3	92.4	5.7	80.5	5.9	1.2E-05	366.6	3.8	7.3	35.5	0.4	47.7	35.0	22.6	0.0	50.3	50.2	11.7	0.1	2
04:34:34 	473	410	4.0	35.4	38.9	427.3	92.2	5.6	79.9	6.0	1.2E-05	368.1	3.4	5.3	35.5	0.4	45.0	33.5	22.3	0.0	50.3	50.3	12.1	0.0	2
04:34:37 	473	411	4.0	35.4	38.8	427.3	92.3	5.6	80.0	6.3	1.2E-05	368.1	3.5	5.2	35.5	0.4	46.0	33.5	22.3	0.0	50.3	50.3	11.9	0.0	2
04:34:40 	473	410	4.0	35.4	38.9	427.3	92.3	5.7	79.8	6.0	1.3E-05	370.1	3.5	5.3	35.5	0.4	48.0	33.5	22.5	0.0	50.3	50.3	11.8	0.0	2
04:34:43 	474	411	4.0	35.4	38.9	427.3	91.8	5.8	80.0	5.9	1.2E-05	363.2	3.5	5.3	35.5	0.4	46.0	33.9	22.3	0.0	50.3	50.3	11.8	0.1	2
04:34:46 	474	410	4.0	35.3	39.0	427.3	91.9	5.5	80.1	6.6	1.2E-05	367.6	3.7	5.2	35.5	0.4	47.7	33.7	22.2	0.0	50.3	50.3	12.1	0.1	2
04:34:49 	473	410	4.0	35.3	38.9	427.3	92.1	5.6	80.2	6.2	1.2E-05	366.2	3.6	5.2	35.5	0.4	47.6	33.9	22.5	0.0	50.2	50.3	12.1	0.0	2
04:34:52 	473	410	4.0	35.3	38.7	427.4	91.9	5.0	79.7	6.9	1.2E-05	368.1	3.4	5.1	35.5	0.4	47.0	34.0	22.3	0.0	50.2	50.2	11.9	0.0	2
04:34:55 	473	410	4.0	35.3	38.7	427.4	92.4	5.2	79.7	7.1	1.2E-05	366.2	3.3	5.0	35.5	0.4	46.5	34.0	22.1	0.0	50.0	50.3	11.8	0.0	2
04:34:59 	473	410	4.0	35.3	38.8	427.4	91.8	5.3	79.4	7.1	1.2E-05	368.6	3.5	1.6	35.5	0.4	46.5	34.0	21.8	0.0	50.0	50.2	12.5	0.0	2
04:35:02 	474	410	4.0	35.2	38.7	427.4	92.0	5.2	79.3	7.4	1.2E-05	365.7	3.5	5.0	35.5	0.4	47.0	32.9	22.7	0.0	50.0	50.2	11.9	0.0	2
04:35:05 	474	410	4.0	35.5	38.9	427.4	91.9	5.5	79.4	6.8	1.2E-05	367.1	3.4	4.7	35.5	0.4	46.1	33.6	21.9	0.0	50.0	50.3	11.9	0.0	2
04:35:08 	473	410	4.0	35.2	38.9	427.4	91.8	5.5	80.1	6.4	1.2E-05	367.6	3.6	9.1	35.5	0.4	46.2	34.3	22.5	0.0	50.0	50.3	11.8	0.3	2
04:35:11 	473	410	4.0	35.4	38.9	427.4	92.1	5.5	79.2	6.8	1.2E-05	358.3	3.5	0.6	35.5	0.4	47.6	34.1	21.8	0.0	50.0	50.3	12.5	0.1	2
04:35:14 	473	411	4.0	35.3	38.9	427.4	91.9	5.5	79.9	6.8	1.3E-05	369.1	3.6	8.3	35.5	0.4	46.2	33.6	22.6	0.0	50.0	50.2	11.7	0.2	2
04:35:17 	473	411	4.0	35.2	38.5	427.4	91.6	5.5	79.1	6.9	1.3E-05	366.6	3.3	0.3	35.5	0.4	46.0	34.1	22.1	0.0	50.0	50.3	12.7	0.1	2
04:35:20 	474	410	4.0	35.5	39.1	427.4	92.1	5.4	79.7	6.9	1.2E-05	367.6	3.5	7.1	35.5	0.4	48.0	33.1	22.6	0.0	49.9	50.3	11.9	0.1	2
04:35:24 	479	407	4.0	35.4	38.9	427.4	92.4	5.4	79.6	7.3	1.3E-05	367.1	3.4	3.0	35.5	0.4	46.7	34.0	21.9	0.0	49.9	50.2	12.2	0.0	2
04:35:27 	478	408	4.0	35.4	39.1	427.4	92.5	5.6	80.6	6.6	1.2E-05	365.7	3.7	5.6	35.5	0.4	46.1	34.9	22.3	0.0	50.0	50.3	12.0	0.1	2
04:35:30 	479	408	4.0	35.3	38.6	427.4	92.3	5.4	79.8	7.3	1.3E-05	366.6	3.3	5.4	35.5	0.5	45.0	33.6	32.0	0.0	50.0	50.2	11.8	0.1	2
04:35:33 	479	408	4.0	35.3	39.1	427.4	92.5	5.6	80.2	6.7	1.2E-05	374.0	3.8	8.5	35.5	0.4	46.2	34.1	22.9	0.0	50.0	50.3	11.6	0.2	2
04:35:36 	478	408	4.0	35.4	38.9	427.4	92.5	5.5	79.8	6.9	1.3E-05	370.1	3.5	1.0	35.5	0.4	47.6	34.6	21.9	0.0	50.0	50.3	12.4	0.1	2
04:35:40 	478	407	4.0	35.4	38.8	427.4	92.2	5.5	79.7	7.2	1.3E-05	368.1	3.4	5.9	35.5	0.4	46.6	32.9	22.7	0.0	49.9	50.3	12.0	0.1	2
04:35:43 	478	407	4.0	35.2	38.6	427.4	92.7	5.4	79.7	7.2	1.2E-05	368.6	3.4	6.0	35.5	0.4	47.7	33.6	22.2	0.0	50.0	50.3	11.8	0.1	2
04:35:46 	478	408	4.0	35.5	39.0	427.4	92.5	5.4	80.0	7.1	1.2E-05	369.6	3.4	3.2	35.5	0.4	46.2	35.0	22.3	0.0	49.9	50.2	12.3	0.0	2
04:35:49 	478	407	4.0	35.4	39.1	427.4	92.7	5.6	80.7	6.6	1.2E-05	367.6	3.6	8.3	35.5	0.4	47.6	35.0	22.6	0.0	49.9	50.3	11.8	0.2	2
04:35:52 	478	408	4.0	35.5	38.8	427.4	93.0	5.6	80.1	6.8	1.2E-05	365.7	3.3	1.3	35.5	0.4	46.5	33.7	21.9	0.0	49.9	50.3	12.6	0.0	2
04:35:55 	478	408	4.0	35.4	38.9	427.4	92.7	5.7	80.2	6.3	1.2E-05	370.6	3.5	5.7	35.5	0.4	46.0	34.0	21.8	0.0	50.0	50.2	11.7	0.1	2
04:35:58 	478	408	4.0	35.4	38.7	427.4	92.6	5.8	80.4	6.2	1.2E-05	369.1	3.3	5.7	35.5	0.4	47.7	33.9	22.2	0.0	49.9	50.3	12.1	0.1	2
04:36:02 	478	408	4.0	35.4	39.0	427.4	92.8	5.7	80.3	6.4	1.2E-05	370.6	3.6	5.8	35.5	0.4	46.0	33.9	22.1	0.0	49.9	50.3	12.0	0.1	2
04:36:05 	479	408	4.0	35.4	38.9	427.4	92.5	5.7	80.2	6.3	1.2E-05	371.0	3.6	5.8	35.5	0.4	47.6	33.3	22.6	0.0	50.0	50.3	11.9	0.1	2
04:36:08 	478	408	4.0	35.3	38.7	427.4	92.3	5.5	79.5	7.3	1.2E-05	360.3	3.3	1.0	35.5	0.4	45.0	33.2	21.7	0.0	49.9	50.3	12.4	0.1	2
04:36:11 	478	407	4.0	35.4	39.0	427.4	92.5	5.9	80.0	5.9	1.3E-05	370.1	3.6	9.4	35.5	0.5	47.0	34.6	22.7	0.0	50.0	50.2	11.7	0.3	2
04:36:14 	478	407	4.0	35.4	38.8	427.4	92.4	5.6	79.6	6.8	1.2E-05	366.6	3.4	2.7	35.5	0.4	45.7	33.5	22.3	0.0	50.0	50.2	12.1	0.0	2
04:36:17 	478	407	4.0	35.2	39.1	427.4	92.4	5.7	80.2	6.5	1.2E-05	368.1	3.9	4.9	35.5	0.4	46.6	35.3	22.5	0.0	50.0	50.2	11.9	0.0	2
04:36:20 	478	407	4.0	35.5	38.6	427.4	91.8	5.5	79.2	7.0	1.3E-05	367.1	3.1	1.2	35.5	0.4	45.0	33.7	29.7	0.0	49.9	50.3	12.4	0.1	2
04:36:23 	479	408	4.0	35.5	39.0	427.4	92.1	6.0	80.2	6.1	1.2E-05	367.1	3.6	9.1	35.5	0.4	46.3	33.7	22.9	0.0	50.0	50.3	11.7	0.3	2
04:36:27 	478	408	4.0	35.3	38.7	427.4	92.7	5.7	80.0	6.6	1.2E-05	368.1	3.4	1.6	35.5	0.4	46.1	34.9	21.9	0.0	50.0	50.2	12.5	0.1	2
04:36:30 	478	407	4.0	35.3	38.8	427.4	92.1	5.7	79.5	6.8	1.3E-05	368.1	3.4	4.7	35.5	0.4	46.0	33.1	22.7	0.0	50.0	50.3	12.0	0.0	2
04:36:33 	478	408	4.0	35.5	38.8	427.4	92.2	5.6	79.6	6.9	1.2E-05	366.6	3.3	0.5	35.5	0.5	45.0	34.9	22.1	0.0	50.0	50.3	12.7	0.1	2
04:36:36 	478	407	4.0	35.4	38.8	427.4	92.1	5.7	79.3	7.0	1.2E-05	368.6	3.4	5.7	35.5	0.5	48.0	32.8	22.6	0.0	50.0	50.2	12.0	0.1	2
04:36:39 	478	408	4.0	35.4	38.9	427.4	92.7	5.8	80.5	6.2	1.2E-05	365.7	3.5	5.6	35.5	0.5	46.3	35.3	22.5	0.0	50.0	50.2	11.9	0.1	2
04:36:42 	478	407	4.0	35.4	38.8	427.4	92.1	5.7	79.3	6.8	1.2E-05	368.1	3.4	6.6	35.5	0.4	46.5	33.3	22.2	0.0	49.9	50.3	11.8	0.1	2
04:36:46 	478	407	4.0	35.3	39.1	427.4	92.7	5.9	80.3	5.9	1.3E-05	367.6	3.7	4.2	35.5	0.4	47.0	35.0	22.5	0.0	49.9	50.3	12.1	0.0	2
04:36:49 	478	408	4.0	35.2	38.7	427.4	92.3	5.7	79.3	6.8	1.3E-05	370.1	3.4	0.8	35.5	0.4	47.0	34.0	21.7	0.0	49.9	50.3	12.4	0.1	2
04:36:52 	478	408	4.0	35.2	38.8	427.4	92.4	6.0	80.1	5.8	1.3E-05	366.6	3.6	9.3	35.5	0.4	45.0	34.3	22.6	0.0	50.0	50.3	11.5	0.3	2
04:36:55 	478	408	4.0	35.3	38.7	427.4	92.2	5.6	79.4	6.9	1.2E-05	369.6	3.4	6.3	35.5	0.4	47.0	33.6	22.5	0.0	49.9	50.3	11.8	0.1	2
04:36:58 	478	407	4.0	35.2	38.6	427.4	92.3	5.8	79.7	6.5	1.2E-05	361.3	3.4	3.1	35.5	0.4	45.3	34.9	27.1	0.0	49.9	50.3	12.3	0.0	2
04:37:01 	478	407	4.0	35.6	39.1	427.4	92.4	5.8	79.9	6.5	1.2E-05	361.8	3.5	3.4	35.5	0.4	47.0	35.2	22.1	0.0	49.9	50.3	12.1	0.0	2
04:37:04 	478	408	4.0	35.5	39.1	427.4	92.3	5.9	80.0	6.5	1.2E-05	368.6	3.6	6.8	35.5	0.4	44.8	33.6	22.5	0.0	49.9	50.3	12.2	0.1	2
04:37:07 	478	407	4.0	35.5	38.8	427.4	92.4	5.9	79.5	6.6	1.2E-05	368.1	3.2	6.8	35.5	0.4	47.0	32.8	22.6	0.0	50.0	50.2	11.7	0.1	2
04:37:10 	478	407	4.0	35.5	39.1	427.4	92.3	6.0	79.9	6.0	1.2E-05	366.6	3.7	6.1	35.5	0.4	44.0	35.2	22.2	0.0	50.0	50.3	12.0	0.1	2
04:37:13 	478	408	4.0	35.3	38.7	427.4	92.1	5.7	79.5	6.9	1.2E-05	366.6	3.4	5.8	35.5	0.5	47.0	33.1	22.7	0.0	50.0	50.3	12.0	0.1	2
04:37:17 	478	408	4.0	35.4	39.0	427.4	92.2	6.1	80.4	5.6	1.3E-05	369.1	3.6	5.5	35.5	0.4	46.5	35.2	22.3	0.0	50.0	50.3	11.9	0.1	2
04:37:20 	478	408	4.0	35.5	38.9	427.4	91.7	5.8	79.5	6.8	1.3E-05	364.7	3.4	6.4	35.5	0.5	46.8	33.2	22.6	0.0	49.9	50.3	11.7	0.1	2
04:37:23 	478	408	4.0	35.4	39.1	427.4	92.1	6.0	79.8	6.0	1.3E-05	367.1	3.7	3.5	35.5	0.4	47.0	35.2	22.1	0.0	50.0	50.3	12.3	0.0	2
04:37:26 	478	408	4.0	35.5	39.1	427.4	92.2	5.8	79.8	5.8	1.3E-05	367.1	3.6	3.8	35.5	0.4	46.0	34.1	26.6	0.0	49.9	50.2	12.3	0.0	2
04:37:29 	478	408	4.0	35.4	38.8	427.4	92.0	5.9	79.3	6.4	1.2E-05	368.1	3.4	5.6	35.5	0.5	47.2	33.1	22.7	0.0	49.9	50.3	11.9	0.1	2
04:37:32 	478	408	4.0	35.4	38.7	427.4	91.8	5.7	79.3	6.8	1.2E-05	368.1	3.3	5.5	35.5	0.5	46.0	33.9	22.3	0.0	49.9	50.2	11.8	0.1	2
04:37:35 	478	408	4.0	35.1	39.2	427.4	91.4	6.6	79.5	5.0	1.2E-05	367.1	4.1	10.0	35.5	0.5	48.0	34.9	22.9	0.0	49.9	50.3	11.6	0.4	2
04:37:38 	478	408	4.0	35.3	38.7	427.4	92.1	5.9	79.3	6.4	1.3E-05	368.6	3.4	2.1	35.5	0.5	45.1	33.7	21.9	0.0	49.9	50.3	12.4	0.0	2
04:37:41 	478	407	4.0	35.5	39.2	427.4	92.0	6.1	80.0	6.0	1.2E-05	367.6	3.7	9.4	35.5	0.4	47.0	34.1	22.9	0.0	50.0	50.3	11.6	0.3	2
04:37:45 	479	408	4.0	35.4	38.8	427.4	92.1	5.8	79.6	6.8	1.2E-05	364.7	3.4	1.8	35.5	0.5	46.0	34.6	21.9	0.0	50.0	50.3	12.2	0.0	2
04:37:48 	480	407	4.0	35.4	38.8	427.4	92.0	6.0	79.2	6.5	1.2E-05	359.8	3.4	6.4	35.5	0.5	46.5	33.1	22.9	0.0	49.9	50.3	11.7	0.1	2
04:37:51 	479	408	4.0	35.4	38.9	427.4	92.3	6.0	79.8	6.6	1.2E-05	367.1	3.4	1.5	35.5	0.5	46.2	34.8	22.3	0.0	50.0	50.3	12.6	0.0	2
04:37:54 	479	408	4.0	35.7	38.6	427.4	91.9	5.9	79.4	6.7	1.2E-05	367.6	2.9	5.6	35.5	0.5	46.2	33.1	22.6	0.0	49.9	50.2	11.8	0.1	2
04:37:57 	479	407	4.0	35.4	38.9	427.4	92.2	6.2	80.0	6.0	1.2E-05	358.8	3.5	3.9	35.5	0.4	45.8	35.0	21.9	0.0	49.9	50.2	12.1	0.0	2
04:38:00 	480	407	4.0	35.2	38.5	427.4	92.1	6.0	79.5	6.7	1.2E-05	365.2	3.3	5.4	35.5	0.5	46.0	33.1	22.3	0.0	49.9	50.3	11.7	0.1	2
04:38:03 	479	408	4.0	35.4	39.0	427.4	92.2	6.3	80.2	5.8	1.2E-05	366.2	3.6	4.9	35.5	0.5	44.5	35.0	22.5	0.0	50.0	50.3	12.1	0.0	2
04:38:06 	479	408	4.0	35.5	39.0	427.4	92.5	6.0	80.1	6.4	1.2E-05	366.6	3.5	5.8	35.5	0.4	46.7	34.0	22.3	0.0	49.9	50.3	11.8	0.1	2
04:38:10 	479	407	4.0	35.4	38.9	427.4	92.2	6.2	79.7	6.0	1.2E-05	365.7	3.5	5.9	35.5	0.4	46.0	33.6	22.7	0.0	49.9	50.2	11.8	0.1	2
04:38:13 	479	408	4.0	35.3	38.7	427.4	92.1	5.9	79.2	6.4	1.2E-05	369.6	3.4	3.2	35.5	0.4	46.3	33.7	25.9	0.0	49.9	50.2	12.2	0.0	2
04:38:16 	480	407	4.0	35.6	39.3	427.4	92.2	6.5	79.9	5.6	1.2E-05	369.6	3.6	9.5	35.5	0.5	46.0	34.0	22.9	0.0	50.0	50.3	11.9	0.3	2
04:38:19 	480	407	4.0	35.5	38.6	427.4	92.1	5.9	79.5	6.9	1.3E-05	369.6	3.2	0.3	35.5	0.5	46.2	33.5	22.1	0.0	49.9	50.3	12.5	0.1	2
04:38:22 	481	405	4.0	35.9	39.6	427.4	92.3	6.3	79.9	5.8	1.3E-05	367.6	3.7	8.2	35.5	0.4	47.0	33.9	22.9	0.0	49.9	50.3	12.2	0.2	2
04:38:25 	481	407	4.0	35.2	38.8	427.4	92.0	6.0	79.6	6.6	1.3E-05	362.3	3.5	1.3	35.5	0.5	46.0	34.4	21.9	0.0	50.0	50.3	12.3	0.1	2
04:38:28 	481	407	4.0	35.5	38.9	427.4	92.0	6.1	79.3	6.5	1.2E-05	359.8	3.4	6.0	35.5	0.5	45.2	32.9	22.7	0.0	50.0	50.3	11.7	0.1	2
04:38:31 	481	407	4.0	35.5	39.3	427.4	92.0	6.2	80.1	6.0	1.3E-05	371.5	3.8	5.4	35.5	0.4	46.3	35.3	22.2	0.0	49.9	50.3	12.0	0.0	2
04:38:34 	481	407	4.0	35.4	38.8	427.4	92.0	6.1	79.3	6.4	1.3E-05	366.2	3.4	6.5	35.5	0.5	44.7	32.8	23.0	0.0	49.9	50.3	11.9	0.1	2
04:38:38 	480	408	4.0	35.5	39.0	427.4	92.4	6.2	80.3	6.0	1.3E-05	369.6	3.6	3.6	35.5	0.4	46.1	35.3	22.2	0.0	50.0	50.3	12.2	0.0	2
04:38:41 	481	405	4.0	35.5	38.8	427.4	92.2	6.2	79.6	6.3	1.2E-05	367.6	3.4	5.3	35.5	0.5	46.0	33.1	22.7	0.0	49.9	50.3	11.9	0.1	2
04:38:44 	481	407	4.0	35.5	39.0	427.4	92.8	6.4	80.4	5.6	1.3E-05	368.1	3.5	4.7	35.5	0.4	46.3	35.0	21.9	0.0	49.9	50.3	12.2	0.0	2
04:38:47 	481	407	4.0	35.4	38.8	427.4	92.1	6.1	79.7	6.5	1.2E-05	368.6	3.3	5.6	35.5	0.5	45.5	33.2	22.6	0.0	50.0	50.3	12.0	0.1	2
04:38:50 	481	408	4.0	35.5	39.2	427.4	92.4	6.4	80.2	5.6	1.2E-05	367.1	3.7	4.3	35.5	0.5	46.0	35.2	22.1	0.0	49.9	50.3	12.3	0.0	2
04:38:53 	481	408	4.0	35.4	38.7	427.4	92.1	6.0	79.2	6.7	1.2E-05	374.0	3.4	5.7	35.5	0.5	47.6	32.9	22.7	0.0	50.0	50.3	11.7	0.1	2
04:38:56 	481	407	4.0	35.3	39.0	427.4	92.4	6.4	80.1	5.8	1.2E-05	368.6	3.6	4.7	35.5	0.4	46.0	35.3	22.6	0.0	49.9	50.3	11.9	0.0	2
04:38:59 	481	407	4.0	35.4	38.7	427.4	92.0	6.1	79.4	6.5	1.2E-05	369.6	3.3	6.2	35.5	0.5	45.0	32.9	26.9	0.0	49.9	50.3	11.9	0.1	2
04:39:03 	481	407	4.0	35.4	39.0	427.4	92.2	6.3	79.8	6.0	1.2E-05	369.6	3.6	5.4	35.5	0.5	47.0	35.2	22.2	0.0	49.9	50.3	12.0	0.0	2
04:39:06 	481	407	4.0	35.5	38.8	427.4	92.2	6.0	79.2	6.7	1.2E-05	363.7	3.4	6.2	35.5	0.5	47.0	32.9	22.2	0.0	49.9	50.2	11.9	0.1	2
04:39:09 	481	407	4.0	35.2	38.8	427.4	92.4	6.3	79.8	6.0	1.3E-05	366.6	3.6	8.4	35.5	0.4	45.0	34.5	22.9	0.0	49.9	50.2	11.9	0.2	2
04:39:12 	481	405	4.0	35.3	38.7	427.4	92.4	6.1	79.6	6.6	1.2E-05	369.1	3.4	1.0	35.5	0.5	46.7	33.6	32.5	0.0	49.9	50.3	12.5	0.1	2
04:39:15 	482	405	4.0	35.3	38.9	427.4	92.9	6.5	80.3	5.7	1.2E-05	366.6	3.6	7.2	35.5	0.4	45.2	34.0	22.7	0.0	49.9	50.3	11.7	0.1	2
04:39:18 	482	405	4.0	35.2	38.8	427.4	92.5	6.3	79.7	6.3	1.2E-05	369.6	3.6	0.9	35.5	0.4	45.2	33.6	25.1	0.0	49.9	50.2	12.7	0.1	2
04:39:21 	482	405	4.0	35.3	38.9	427.4	92.6	6.5	80.2	5.9	1.2E-05	366.2	3.6	8.3	35.5	0.5	46.7	34.5	22.9	0.0	49.9	50.3	11.6	0.2	2
04:39:24 	482	405	4.0	35.4	38.8	427.4	92.3	6.1	79.5	6.5	1.2E-05	366.2	3.4	1.8	35.5	0.5	45.6	34.4	32.6	0.0	49.9	50.2	12.3	0.0	2
04:39:27 	482	405	4.0	35.5	39.1	427.4	92.7	6.4	80.0	5.9	1.2E-05	370.6	3.7	8.3	35.5	0.4	46.0	33.7	22.9	0.0	49.9	50.3	11.8	0.2	2
04:39:30 	481	405	4.0	35.5	38.9	427.4	92.4	6.2	79.8	6.5	1.2E-05	368.1	3.4	2.5	35.5	0.5	46.0	33.7	32.5	0.0	49.9	50.3	12.3	0.0	2
04:39:34 	483	404	4.0	35.4	39.0	427.4	92.6	6.5	80.3	6.0	1.2E-05	359.3	3.6	8.4	35.5	0.5	46.5	34.1	22.9	0.0	49.9	50.3	12.0	0.2	2
04:39:37 	483	407	4.0	35.3	38.8	427.4	92.4	6.2	79.7	6.6	1.2E-05	371.0	3.4	2.9	35.5	0.5	46.0	33.1	31.3	0.0	49.9	50.3	12.2	0.0	2
04:39:40 	483	405	4.0	35.6	38.8	427.4	92.2	6.5	80.0	5.9	1.2E-05	368.6	3.1	3.2	35.5	0.5	45.8	34.9	22.2	0.0	49.9	50.3	12.2	0.0	2
04:39:43 	483	405	4.0	35.3	38.9	427.4	93.1	6.5	80.1	5.9	1.2E-05	366.2	3.6	3.3	35.5	0.5	45.8	34.9	22.2	0.0	49.9	50.3	12.2	0.0	2
04:39:46 	483	405	4.0	35.5	39.2	427.4	92.9	6.5	80.1	5.8	1.2E-05	368.1	3.7	3.2	35.5	0.4	46.6	35.2	22.3	0.0	49.9	50.2	12.5	0.0	2
04:39:49 	483	405	4.0	35.5	39.0	427.4	92.8	6.5	80.2	5.8	1.2E-05	368.6	3.6	3.3	35.5	0.5	45.0	35.2	22.7	0.0	49.9	50.3	12.5	0.0	2
04:39:52 	483	405	4.0	35.4	38.9	427.4	92.8	6.6	80.1	5.7	1.2E-05	369.1	3.5	7.4	35.5	0.5	46.0	34.1	22.7	0.0	49.9	50.3	11.7	0.1	2
04:39:56 	483	405	4.0	35.5	38.9	427.4	92.4	6.2	79.5	6.4	1.2E-05	370.1	3.4	0.9	35.5	0.5	45.1	34.4	22.6	0.0	49.9	50.3	12.5	0.1	2
04:39:59 	483	405	4.0	35.3	39.0	427.4	92.7	6.4	80.2	6.0	1.2E-05	373.5	3.7	6.2	35.5	0.4	46.1	35.0	22.6	0.0	49.9	50.2	12.0	0.1	2
04:40:02 	483	405	4.0	35.5	39.0	427.4	92.6	6.4	80.2	6.0	1.2E-05	369.1	3.4	3.7	35.5	0.5	46.7	33.7	32.5	0.0	49.9	50.2	12.1	0.0	2
04:40:05 	483	405	4.0	35.4	39.0	427.4	92.5	6.5	80.3	5.9	1.2E-05	369.1	3.6	3.5	35.5	0.5	46.7	33.7	22.2	0.0	49.9	50.2	12.3	0.0	2
04:40:08 	483	405	4.0	35.4	38.7	427.4	92.4	6.7	80.3	5.5	1.2E-05	359.8	3.3	3.6	35.5	0.5	45.2	33.7	22.3	0.0	49.9	50.3	12.1	0.0	2
04:40:11 	483	407	4.0	35.4	38.8	427.4	91.9	6.2	79.5	6.6	1.3E-05	369.1	3.4	6.2	35.5	0.5	45.2	33.1	22.7	0.0	49.9	50.2	11.9	0.1	2
04:40:14 	483	405	4.0	35.3	39.0	427.4	92.6	6.7	80.4	5.4	1.2E-05	365.2	3.7	4.0	35.5	0.4	46.0	35.3	22.5	0.0	49.9	50.3	12.3	0.0	2
04:40:17 	483	405	4.0	35.4	38.7	427.4	92.4	6.4	79.3	6.1	1.2E-05	365.2	3.3	5.8	35.5	0.5	47.0	32.0	22.3	0.0	49.9	50.3	11.9	0.1	2
04:40:21 	483	405	4.0	35.3	38.8	427.4	92.6	6.6	79.7	5.6	1.3E-05	367.6	3.5	3.8	35.5	0.4	45.2	35.0	22.3	0.0	49.9	50.3	12.0	0.0	2
04:40:24 	483	404	4.0	35.5	39.0	427.4	92.7	6.6	80.3	5.8	1.2E-05	369.6	3.5	6.7	35.5	0.4	46.5	33.3	22.6	0.0	49.9	50.3	12.0	0.1	2
04:40:27 	483	405	4.0	35.3	38.8	427.4	92.5	6.5	79.5	6.1	1.3E-05	365.2	3.5	1.1	35.5	0.5	45.3	34.3	32.6	0.0	49.9	50.3	12.3	0.1	2
04:40:30 	483	407	4.0	35.1	38.6	427.4	92.4	6.6	80.0	5.8	1.3E-05	375.4	3.5	7.4	35.5	0.5	46.0	34.3	22.6	0.0	49.9	50.2	11.9	0.1	2
04:40:33 	483	407	4.0	35.4	39.1	427.4	92.4	6.9	80.2	5.3	1.2E-05	364.7	3.8	5.2	35.5	0.5	47.0	35.3	22.2	0.0	49.9	50.2	12.1	0.0	2
04:40:36 	483	405	4.0	35.2	38.5	427.4	92.2	6.6	79.3	6.1	1.2E-05	368.1	3.3	6.0	35.5	0.5	45.0	32.8	22.6	0.0	49.9	50.3	11.8	0.1	2
04:40:39 	483	405	4.0	35.4	39.0	427.4	92.7	6.8	79.9	5.6	1.2E-05	368.1	3.6	5.7	35.5	0.5	45.0	35.2	22.5	0.0	49.9	50.3	12.0	0.1	2
04:40:42 	483	405	4.0	35.4	38.9	427.4	92.1	6.5	79.1	6.2	1.2E-05	366.2	3.4	1.0	35.5	0.5	47.0	33.1	21.9	0.0	49.9	50.3	12.4	0.1	2
04:40:45 	484	405	4.0	35.4	39.0	427.4	92.2	6.8	79.9	5.6	1.3E-05	366.6	3.6	8.9	35.5	0.5	46.0	34.9	22.9	0.0	49.9	50.3	11.8	0.3	2
04:40:49 	483	405	4.0	35.5	38.9	427.4	92.2	6.5	79.4	6.3	1.2E-05	370.1	3.4	3.5	35.5	0.5	46.2	33.2	22.3	0.0	49.9	50.3	12.1	0.0	2
04:40:52 	483	405	4.0	35.5	39.2	427.4	92.1	6.7	79.9	5.7	1.2E-05	370.6	3.6	3.7	35.5	0.5	46.0	35.2	22.5	0.0	49.9	50.3	12.1	0.0	2
04:40:55 	483	405	4.0	35.5	39.0	427.4	92.2	6.8	79.4	5.8	1.2E-05	365.2	3.5	5.9	35.5	0.5	44.0	32.8	22.6	0.0	49.9	50.2	11.8	0.1	2
04:40:58 	483	405	4.0	35.4	39.1	427.4	92.8	6.9	79.9	5.2	1.2E-05	368.1	3.7	4.0	35.5	0.4	46.7	35.4	22.3	0.0	49.9	50.3	12.2	0.0	2
04:41:01 	483	407	4.0	35.5	39.0	427.4	92.3	6.7	79.1	5.9	1.2E-05	370.1	3.4	5.8	35.5	0.5	46.2	32.9	32.5	0.0	49.9	50.3	11.7	0.1	2
04:41:04 	483	405	4.0	35.2	38.6	427.4	91.9	6.7	79.3	5.8	1.2E-05	367.6	3.4	1.2	35.5	0.5	46.2	34.9	32.5	0.0	49.8	50.2	12.6	0.1	2
04:41:07 	483	407	4.0	35.3	38.6	427.4	92.0	6.5	79.4	6.2	1.3E-05	367.6	3.3	5.2	35.5	0.5	46.0	32.9	24.3	0.0	49.8	50.3	11.8	0.1	2
04:41:11 	483	407	4.0	35.3	38.9	427.4	92.4	6.8	79.9	5.7	1.2E-05	362.7	3.6	4.1	35.5	0.5	46.6	35.3	22.1	0.0	49.9	50.3	12.3	0.0	2
04:41:14 	483	405	4.0	35.4	38.5	427.4	92.1	6.8	79.2	5.8	1.2E-05	366.2	3.2	5.4	35.5	0.5	46.0	33.1	22.9	0.0	49.8	50.3	11.7	0.1	2
04:41:17 	485	405	4.0	35.5	38.8	427.4	92.4	7.0	80.0	5.4	1.2E-05	370.1	3.3	4.6	35.5	0.4	45.8	35.2	22.2	0.0	49.8	50.2	12.1	0.0	2
04:41:20 	484	405	4.0	35.6	39.0	427.4	92.1	6.7	79.1	6.0	1.2E-05	369.1	3.4	5.9	35.5	0.5	45.7	32.9	32.0	0.0	49.8	50.2	11.8	0.1	2
04:41:23 	484	405	4.0	35.5	39.2	427.4	92.7	6.8	80.3	5.6	1.2E-05	364.2	3.7	3.8	35.5	0.5	46.6	35.3	32.2	0.0	49.9	50.3	12.3	0.0	2
04:41:26 	484	407	4.0	35.3	38.6	427.4	92.2	6.7	79.4	6.0	1.2E-05	367.6	3.3	5.8	35.5	0.5	44.7	33.5	25.0	0.0	49.9	50.3	11.7	0.1	2
04:41:29 	484	405	4.0	35.3	39.0	427.4	92.5	6.9	79.7	5.2	1.3E-05	367.6	3.6	5.5	35.5	0.5	46.6	35.3	22.5	0.0	49.8	50.2	12.1	0.1	2
04:41:32 	484	405	4.0	35.3	38.7	427.4	92.0	6.6	79.3	6.2	1.2E-05	362.3	3.4	6.5	35.5	0.5	45.5	33.6	22.3	0.0	49.9	50.3	11.7	0.1	2
04:41:35 	484	405	4.0	35.7	39.3	427.4	92.5	7.0	80.0	5.4	1.2E-05	367.1	3.6	9.1	35.5	0.5	46.0	35.0	22.7	0.0	49.9	50.3	12.0	0.3	2
04:41:39 	486	405	4.0	35.3	38.7	427.4	92.3	6.7	79.4	5.9	1.2E-05	368.1	3.4	3.2	35.5	0.5	44.7	33.7	22.2	0.0	49.8	50.2	12.2	0.0	2
04:41:42 	486	404	4.0	35.4	39.0	427.4	93.1	7.0	80.2	5.4	1.2E-05	372.5	3.6	8.4	35.5	0.5	46.0	34.0	22.9	0.0	49.8	50.2	11.7	0.2	2
04:41:45 	486	405	4.0	35.4	38.8	427.4	92.2	6.7	79.4	6.1	1.2E-05	368.1	3.3	3.0	35.5	0.5	44.3	33.6	22.1	0.0	49.8	50.3	12.3	0.0	2
04:41:48 	486	405	4.0	35.5	39.1	427.4	92.6	6.7	80.5	5.8	1.2E-05	370.1	3.6	8.1	35.5	0.5	45.8	34.5	22.9	0.0	49.9	50.3	11.6	0.2	2
04:41:51 	486	405	4.0	35.3	38.7	427.4	92.8	6.4	79.8	6.3	1.2E-05	364.7	3.4	0.6	35.5	0.5	46.2	34.5	22.2	0.0	49.9	50.3	12.7	0.1	2
04:41:55 	486	404	4.0	35.4	38.8	427.4	92.3	6.5	79.9	6.2	1.2E-05	373.0	3.4	6.3	35.5	0.5	46.6	33.2	22.9	0.0	49.9	50.3	12.0	0.1	2
04:41:58 	486	404	4.0	35.2	38.6	427.4	92.7	6.5	79.7	5.8	1.2E-05	365.2	3.4	3.5	35.5	0.5	45.3	33.9	25.0	0.0	49.9	50.2	12.2	0.0	2
04:42:01 	486	404	4.0	35.4	38.9	427.4	92.8	6.6	80.0	5.9	1.2E-05	366.2	3.5	4.3	35.5	0.5	46.0	34.0	22.2	0.0	49.9	50.3	12.0	0.0	2
04:42:04 	486	405	4.0	35.4	38.9	427.4	92.9	6.6	79.7	5.9	1.2E-05	365.7	3.5	1.6	35.5	0.5	45.1	34.1	22.1	0.0	49.9	50.3	12.3	0.0	2
04:42:07 	486	404	4.0	35.4	39.2	427.4	92.5	6.6	79.8	5.8	1.2E-05	369.6	3.8	4.0	35.5	0.5	45.8	33.7	32.5	0.0	49.9	50.3	12.0	0.0	2
04:42:10 	486	405	4.0	35.2	38.7	427.4	92.5	6.5	79.8	5.9	1.2E-05	369.1	3.5	3.9	35.5	0.5	47.0	33.7	22.1	0.0	49.9	50.3	11.9	0.0	2
04:42:14 	485	405	4.0	35.5	39.1	427.4	92.3	6.6	79.5	6.3	1.2E-05	370.6	3.5	7.4	35.5	0.5	46.0	34.9	23.0	0.0	49.9	50.2	12.0	0.1	2
04:42:17 	486	405	4.0	35.4	38.9	427.4	92.5	6.5	79.9	6.1	1.2E-05	369.6	3.5	2.9	35.5	0.5	44.0	34.4	22.3	0.0	49.9	50.2	12.1	0.0	2
04:42:20 	486	405	4.0	35.5	38.9	427.4	92.5	6.7	79.8	5.8	1.2E-05	369.1	3.3	3.0	35.5	0.5	46.0	34.1	22.6	0.0	49.9	50.3	12.2	0.0	2
04:42:23 	486	404	4.0	35.4	39.0	427.4	92.6	6.6	79.9	5.8	1.3E-05	367.1	3.7	3.0	35.5	0.5	45.5	34.4	22.7	0.0	49.9	50.2	12.4	0.0	2
04:42:26 	485	405	4.0	35.3	38.8	427.4	92.7	6.7	79.9	5.9	1.2E-05	368.1	3.5	3.1	35.5	0.5	46.0	34.6	22.6	0.0	49.9	50.3	12.1	0.0	2
04:42:29 	486	404	4.0	35.3	38.8	427.4	92.1	6.5	79.5	6.2	1.3E-05	359.8	3.5	3.1	35.5	0.5	46.2	33.7	28.9	0.0	49.9	50.3	12.2	0.0	2
04:42:32 	486	404	4.0	35.3	38.8	427.4	92.5	6.6	80.0	6.1	1.2E-05	364.2	3.5	2.0	35.5	0.5	45.8	34.3	32.8	0.0	49.9	50.2	12.4	0.0	2
04:42:35 	486	405	4.0	35.5	39.0	427.4	92.4	6.6	79.7	6.1	1.2E-05	368.6	3.5	4.8	35.5	0.5	44.7	34.1	22.2	0.0	49.9	50.3	12.2	0.0	2
04:42:38 	486	404	4.0	35.5	39.0	427.4	92.6	6.5	79.9	6.2	1.2E-05	366.6	3.5	4.7	35.5	0.5	46.5	34.4	22.2	0.0	49.9	50.3	12.1	0.0	2
04:42:41 	486	404	4.0	35.5	39.1	427.4	92.4	6.7	79.9	5.8	1.2E-05	369.6	3.6	4.7	35.5	0.5	45.2	34.3	22.2	0.0	49.9	50.3	12.1	0.0	2
04:42:45 	486	404	4.0	35.4	39.0	427.4	92.5	6.7	79.9	5.6	1.2E-05	369.6	3.5	4.7	35.5	0.5	45.5	34.4	22.3	0.0	49.9	50.3	12.0	0.0	2
04:42:48 	486	405	4.0	35.5	38.9	427.4	92.6	6.7	79.6	5.8	1.2E-05	370.1	3.3	4.7	35.5	0.5	45.1	34.4	22.3	0.0	49.9	50.3	12.2	0.0	2
04:42:51 	486	405	4.0	35.4	39.0	427.4	92.3	6.8	79.7	6.0	1.2E-05	362.3	3.6	4.6	35.5	0.5	46.6	34.4	22.3	0.0	49.9	50.3	11.9	0.0	2
04:42:54 	486	405	4.0	35.3	38.8	427.4	92.5	6.8	79.8	5.6	1.2E-05	366.2	3.6	4.6	35.5	0.5	46.6	34.4	22.5	0.0	49.8	50.3	12.1	0.0	2
04:42:57 	486	404	4.0	35.4	38.9	427.4	92.2	6.9	79.9	5.7	1.2E-05	370.1	3.5	4.7	35.5	0.5	45.5	34.3	22.6	0.0	49.8	50.2	12.0	0.0	2
04:43:00 	486	405	4.0	35.3	38.9	427.4	92.2	6.6	79.3	6.1	1.2E-05	368.6	3.5	4.5	35.5	0.5	46.2	34.3	22.7	0.0	49.9	50.3	12.3	0.0	2
04:43:03 	486	404	4.0	35.4	38.9	427.4	92.5	6.6	79.4	5.9	1.2E-05	366.2	3.5	4.5	35.5	0.5	45.8	34.4	22.7	0.0	49.8	50.3	11.9	0.0	2
04:43:06 	486	405	4.0	35.5	39.0	427.4	92.2	6.8	79.5	5.8	1.2E-05	367.1	3.5	4.5	35.5	0.5	46.1	34.3	22.3	0.0	49.9	50.3	12.0	0.0	2
04:43:09 	486	405	4.0	35.4	39.0	427.4	92.4	6.7	79.5	5.8	1.2E-05	369.6	3.6	4.4	35.5	0.5	44.0	34.4	22.3	0.0	49.9	50.2	12.0	0.0	2
04:43:13 	486	404	4.0	35.4	38.9	427.4	92.3	6.6	79.5	6.1	1.2E-05	367.1	3.5	4.4	35.5	0.5	45.5	34.5	22.3	0.0	49.9	50.2	12.0	0.0	2
04:43:16 	486	405	4.0	35.2	39.0	427.4	92.5	6.7	79.5	6.0	1.2E-05	358.8	3.8	4.2	35.5	0.5	45.1	34.6	33.2	0.0	49.9	50.2	12.2	0.0	2
04:43:19 	486	405	4.0	35.4	38.9	427.4	92.1	6.7	79.5	6.1	1.2E-05	373.5	3.5	4.3	35.5	0.5	47.0	34.5	22.3	0.0	49.9	50.3	12.1	0.0	2
04:43:22 	486	404	4.0	35.2	38.7	427.4	92.4	6.9	79.4	5.6	1.2E-05	368.6	3.5	2.1	35.5	0.5	45.0	34.6	32.9	0.0	49.8	50.3	12.4	0.0	2
04:43:25 	486	405	4.0	35.3	38.9	427.4	92.2	6.9	79.7	5.7	1.2E-05	366.2	3.6	9.0	35.5	0.5	46.6	33.6	22.9	0.0	49.8	50.2	11.9	0.3	2
04:43:28 	487	402	4.0	35.4	39.1	427.4	92.4	6.8	80.0	5.6	1.2E-05	375.0	3.6	5.4	35.5	0.5	46.0	35.3	22.2	0.0	49.9	50.3	11.9	0.1	2
04:43:31 	487	404	4.0	35.5	39.1	427.4	92.8	7.1	79.8	5.3	1.3E-05	367.1	3.6	8.1	35.5	0.5	45.1	33.3	22.6	0.0	49.8	50.3	11.9	0.2	2
04:43:34 	487	405	4.0	35.4	39.0	427.4	92.6	7.0	80.0	5.2	1.2E-05	365.2	3.6	3.9	35.5	0.5	46.0	35.4	33.2	0.0	49.9	50.3	12.4	0.0	2
04:43:38 	487	404	4.0	35.4	38.8	427.4	92.0	6.7	79.0	6.0	1.2E-05	363.2	3.4	4.2	35.5	0.5	46.2	33.1	22.6	0.0	49.8	50.3	12.2	0.0	2
04:43:41 	487	405	4.0	35.3	38.9	427.4	92.8	7.1	80.0	5.2	1.2E-05	369.1	3.7	3.6	35.5	0.5	44.1	35.3	22.6	0.0	49.8	50.3	12.1	0.0	2
04:43:44 	487	404	4.0	35.4	38.6	427.4	91.8	6.7	79.3	6.2	1.2E-05	366.2	3.2	0.6	35.5	0.5	46.0	33.9	30.9	0.0	49.8	50.2	12.7	0.1	2
04:43:47 	487	404	4.0	35.2	38.9	427.4	92.4	7.4	80.1	5.1	1.2E-05	369.6	3.7	9.1	35.5	0.5	45.8	34.1	23.0	0.0	49.8	50.3	12.0	0.3	2
04:43:50 	488	404	4.0	35.4	38.7	427.4	92.7	6.9	79.5	5.8	1.2E-05	366.2	3.3	0.8	35.5	0.5	45.3	34.4	22.2	0.0	49.8	50.3	12.7	0.1	2
04:43:53 	488	404	4.0	35.3	38.9	427.4	92.9	7.0	80.1	5.6	1.2E-05	367.1	3.6	7.1	35.5	0.5	45.5	34.5	22.9	0.0	49.8	50.2	12.1	0.1	2
04:43:56 	488	404	4.0	35.4	38.8	427.4	92.2	7.0	79.8	6.1	1.2E-05	360.3	3.5	0.4	35.5	0.5	45.3	33.6	32.6	0.0	49.7	50.3	12.6	0.1	2
04:43:59 	488	404	4.0	35.5	39.0	427.4	92.4	7.0	79.5	5.6	1.3E-05	363.7	3.5	8.1	35.5	0.5	44.5	35.0	23.0	0.0	49.7	50.3	11.8	0.2	2
04:44:02 	488	404	4.0	35.4	38.9	427.4	92.6	6.9	79.7	5.5	1.2E-05	366.2	3.5	1.6	35.5	0.5	46.0	34.1	22.3	0.0	49.8	50.3	12.6	0.0	2
04:44:05 	488	402	4.0	35.3	38.7	427.4	92.3	6.9	79.2	5.9	1.2E-05	369.1	3.4	1.0	35.5	0.5	45.8	33.6	22.1	0.0	49.7	50.3	12.5	0.1	2
04:44:09 	489	404	4.0	35.5	38.9	427.4	92.4	7.2	79.5	5.2	1.3E-05	365.7	3.5	9.3	35.5	0.5	45.7	34.9	23.1	0.0	49.8	50.2	11.8	0.3	2
04:44:12 	488	404	4.0	35.3	38.8	427.4	92.3	6.8	79.5	6.0	1.2E-05	368.6	3.5	0.7	35.5	0.5	44.2	34.8	32.9	0.0	49.8	50.3	12.4	0.1	2
04:44:15 	488	404	4.0	35.4	38.6	427.4	92.2	7.1	79.5	5.6	1.3E-05	369.1	3.2	5.8	35.5	0.5	46.0	33.1	22.5	0.0	49.7	50.2	11.8	0.1	2
04:44:18 	488	404	4.0	35.4	39.0	427.4	92.4	6.9	79.8	5.7	1.2E-05	366.6	3.6	4.1	35.5	0.5	46.0	35.3	22.7	0.0	49.8	50.3	12.2	0.0	2
04:44:21 	488	404	4.0	35.4	38.9	427.4	92.5	6.6	79.4	6.3	1.2E-05	371.0	3.5	2.9	35.5	0.5	45.0	33.3	22.2	0.0	49.8	50.2	12.4	0.0	2
04:44:24 	489	404	4.0	35.5	38.9	427.4	92.7	6.8	79.6	6.0	1.2E-05	368.1	3.4	6.1	35.5	0.5	44.0	34.0	23.0	0.0	49.8	50.3	12.0	0.1	2
04:44:27 	488	402	4.0	35.3	38.8	427.4	92.4	6.8	79.2	5.8	1.2E-05	368.1	3.5	6.1	35.5	0.5	47.0	33.9	22.9	0.0	49.8	50.2	11.9	0.1	2
04:44:30 	490	402	4.0	35.5	38.9	427.4	92.5	6.8	79.4	5.8	1.2E-05	368.6	3.5	3.2	35.5	0.5	46.0	34.5	22.2	0.0	49.9	50.3	12.1	0.0	2
04:44:33 	490	404	4.0	35.5	39.0	427.4	93.0	6.9	80.0	5.9	1.2E-05	368.1	3.6	7.2	35.5	0.5	46.0	35.2	22.7	0.0	49.8	50.3	11.8	0.1	2
04:44:36 	490	404	4.0	35.4	38.8	427.4	92.6	6.8	79.6	5.9	1.2E-05	367.6	3.4	0.5	35.5	0.5	44.7	33.7	31.0	0.0	49.8	50.3	12.6	0.1	2
04:44:39 	490	402	4.0	35.3	39.2	427.4	92.8	7.0	80.1	5.7	1.2E-05	371.0	3.9	7.7	35.5	0.5	45.5	34.4	32.5	0.0	49.8	50.2	11.7	0.2	2
04:44:43 	491	402	4.0	35.5	38.9	427.4	92.8	6.9	80.2	5.8	1.2E-05	369.1	3.4	0.5	35.5	0.5	45.8	34.8	32.9	0.0	49.8	50.3	12.6	0.1	2
04:44:46 	491	402	4.0	35.4	39.0	427.4	92.7	7.1	80.0	5.7	1.2E-05	368.1	3.6	8.1	35.5	0.5	46.0	33.5	28.8	0.0	49.8	50.3	11.8	0.2	2
04:44:49 	491	402	4.0	35.2	38.8	427.4	92.7	7.0	80.3	5.7	1.2E-05	369.1	3.6	4.5	35.5	0.5	44.5	35.3	22.2	0.0	49.8	50.3	12.2	0.0	2
04:44:52 	491	404	4.0	35.3	38.9	427.4	92.9	7.2	80.0	5.4	1.2E-05	367.1	3.6	6.9	35.5	0.5	46.0	33.2	32.2	0.0	49.8	50.3	12.1	0.1	2
04:44:55 	491	402	4.0	35.4	38.8	427.4	92.6	7.0	79.6	5.8	1.2E-05	371.5	3.4	2.7	35.5	0.5	44.0	34.9	22.9	0.0	49.8	50.3	12.3	0.0	2
04:44:58 	491	402	4.0	35.4	39.0	427.4	92.7	7.1	79.8	5.3	1.3E-05	358.8	3.7	3.6	35.5	0.5	45.2	35.3	22.2	0.0	49.8	50.3	12.3	0.0	2
04:45:02 	491	404	4.0	35.5	39.0	427.4	92.5	7.3	79.8	5.3	1.2E-05	364.7	3.6	9.1	35.5	0.5	45.6	33.9	23.1	0.0	49.8	50.2	11.6	0.3	2
04:45:05 	490	402	4.0	35.4	38.9	427.4	92.7	7.0	80.2	5.6	1.2E-05	365.7	3.5	4.4	35.5	0.5	44.3	35.3	30.0	0.0	49.8	50.3	12.4	0.0	2
04:45:08 	491	402	4.0	35.3	38.8	427.4	92.6	7.0	79.9	5.8	1.3E-05	369.6	3.5	3.4	35.5	0.5	46.7	33.2	22.3	0.0	49.8	50.3	12.2	0.0	2
04:45:11 	491	402	4.0	35.3	38.8	427.4	92.4	6.9	79.7	5.9	1.2E-05	369.1	3.5	3.4	35.5	0.5	45.2	33.3	22.2	0.0	49.8	50.3	12.2	0.0	2
04:45:14 	491	402	4.0	35.4	38.9	427.4	92.4	6.9	79.3	5.7	1.2E-05	371.0	3.5	2.8	35.5	0.5	45.7	33.1	22.2	0.0	49.8	50.3	12.5	0.0	2
04:45:17 	491	402	4.0	35.3	38.6	427.4	92.2	6.8	79.2	6.4	1.2E-05	368.1	3.3	2.5	35.5	0.5	46.0	33.9	22.3	0.0	49.8	50.2	12.3	0.0	2
04:45:20 	491	402	4.0	35.6	39.1	427.4	92.7	7.0	79.8	5.7	1.2E-05	367.6	3.5	5.7	35.5	0.5	45.7	35.2	22.6	0.0	49.9	50.3	11.8	0.1	2
04:45:23 	491	402	4.0	35.4	39.0	427.4	92.6	6.8	79.8	6.2	1.2E-05	370.1	3.6	8.3	35.5	0.5	44.7	33.2	23.1	0.0	49.9	50.3	11.7	0.2	2
04:45:27 	492	402	4.0	35.4	38.8	427.4	92.8	6.9	80.0	5.7	1.2E-05	360.8	3.4	5.4	35.5	0.5	45.1	35.2	22.6	0.0	49.9	50.3	12.1	0.1	2
04:45:30 	492	401	4.0	35.3	38.8	427.4	92.0	6.7	79.5	6.3	1.2E-05	362.7	3.4	2.6	35.5	0.5	45.1	33.2	22.3	0.0	49.9	50.3	12.2	0.0	2
04:45:33 	492	402	4.0	35.3	38.8	427.4	92.6	6.7	79.5	6.3	1.3E-05	368.1	3.4	2.4	35.5	0.5	44.0	34.0	22.1	0.0	49.9	50.3	12.3	0.0	2
04:45:36 	492	402	4.0	35.5	38.9	427.4	92.8	6.8	79.7	6.2	1.2E-05	367.6	3.4	0.9	35.5	0.5	45.7	34.3	32.5	0.0	49.9	50.2	12.7	0.1	2
04:45:39 	492	402	4.0	35.1	38.6	427.4	92.8	7.3	80.2	5.2	1.2E-05	366.2	3.6	8.9	35.5	0.5	44.2	34.0	32.4	0.0	49.9	50.2	11.5	0.3	2
04:45:42 	492	402	4.0	35.6	39.1	427.4	92.8	7.1	80.1	5.8	1.2E-05	367.1	3.5	7.9	35.5	0.5	44.2	35.2	32.8	0.0	49.9	50.3	11.7	0.2	2
04:45:46 	491	401	4.0	35.4	39.1	427.4	92.9	6.9	79.9	5.8	1.2E-05	367.6	3.7	7.3	35.5	0.5	44.3	33.5	32.6	0.0	49.9	50.2	11.7	0.1	2
04:45:49 	492	402	4.0	35.5	38.9	427.4	92.7	7.0	79.6	5.7	1.2E-05	362.3	3.5	6.0	35.5	0.5	45.8	33.7	22.6	0.0	49.9	50.3	12.0	0.1	2
04:45:52 	492	402	4.0	35.5	38.8	427.4	92.7	7.1	80.1	5.7	1.2E-05	362.7	3.4	2.1	35.5	0.5	44.1	34.0	22.3	0.0	49.9	50.3	12.3	0.0	2
04:45:55 	492	402	4.0	35.1	38.7	427.4	92.7	7.1	79.8	5.8	1.2E-05	369.6	3.6	7.6	35.5	0.5	45.0	35.2	33.2	0.0	49.9	50.3	12.0	0.2	2
04:45:58 	491	402	4.0	35.5	38.9	427.4	92.6	6.7	79.7	6.3	1.2E-05	368.6	3.4	0.9	35.5	0.5	45.0	33.7	23.2	0.0	49.9	50.2	12.5	0.1	2
04:46:01 	493	402	4.0	35.0	38.6	427.4	92.9	7.3	80.2	5.2	1.2E-05	369.6	3.6	8.0	35.5	0.5	45.5	34.4	23.0	0.0	49.9	50.3	11.6	0.2	2
04:46:04 	493	402	4.0	35.2	38.7	427.4	92.8	7.0	79.8	5.9	1.3E-05	370.6	3.5	1.5	35.5	0.5	45.3	35.0	22.3	0.0	49.9	50.3	12.5	0.0	2
04:46:07 	493	402	4.0	35.5	38.8	427.4	93.3	7.3	80.1	5.2	1.2E-05	370.1	3.3	8.1	35.5	0.5	44.1	35.2	23.1	0.0	49.9	50.3	11.7	0.2	2
04:46:11 	493	401	4.0	35.2	38.8	427.4	93.1	7.0	79.8	5.8	1.2E-05	367.6	3.6	1.8	35.5	0.5	45.0	34.1	22.6	0.0	49.9	50.3	12.4	0.0	2
04:46:14 	493	402	4.0	35.4	38.6	427.4	92.5	6.9	79.6	6.1	1.2E-05	366.6	3.3	6.6	35.5	0.5	45.0	34.6	29.9	0.0	49.9	50.3	11.7	0.1	2
04:46:17 	493	402	4.0	35.6	39.2	427.4	93.1	7.1	79.8	5.5	1.3E-05	359.8	3.5	3.2	35.5	0.5	45.1	34.5	22.3	0.0	49.9	50.3	12.3	0.0	2
04:46:20 	493	402	4.0	35.4	39.0	427.4	93.1	7.0	80.1	5.7	1.2E-05	368.6	3.5	3.0	35.5	0.5	44.0	34.5	22.2	0.0	49.9	50.3	12.4	0.0	2
04:46:23 	493	402	4.0	35.4	38.9	427.4	93.3	7.2	80.1	5.5	1.2E-05	367.1	3.4	3.0	35.5	0.5	46.0	34.6	22.3	0.0	49.9	50.3	12.4	0.0	2
04:46:26 	493	402	4.0	35.3	38.7	427.4	92.6	7.0	80.0	5.8	1.2E-05	360.8	3.5	3.0	35.5	0.5	44.2	34.5	22.6	0.0	49.9	50.3	12.3	0.0	2
04:46:29 	493	402	4.0	35.6	38.9	427.4	92.4	7.4	79.7	5.4	1.2E-05	368.6	3.3	6.5	35.5	0.5	45.1	34.6	23.1	0.0	49.9	50.3	12.2	0.1	2
04:46:32 	493	401	4.0	35.5	38.9	427.4	92.6	7.3	79.5	5.4	1.2E-05	359.8	3.4	6.5	35.5	0.5	45.7	34.6	23.0	0.0	49.9	50.3	11.8	0.1	2
04:46:36 	493	401	4.0	35.3	38.8	427.4	92.5	7.0	79.8	5.8	1.2E-05	368.1	3.5	2.2	35.5	0.5	45.1	35.0	22.3	0.0	49.9	50.3	12.3	0.0	2
04:46:39 	493	402	4.0	35.5	39.1	427.4	93.3	7.3	80.2	5.4	1.2E-05	368.6	3.6	3.5	35.5	0.5	45.5	35.4	22.5	0.0	49.9	50.2	12.1	0.0	2
04:46:42 	493	402	4.0	35.4	38.9	427.4	92.6	7.0	79.5	5.8	1.3E-05	368.6	3.5	2.5	35.5	0.5	44.0	33.7	22.5	0.0	49.9	50.2	12.5	0.0	2
04:46:45 	493	402	4.0	35.5	38.9	427.4	92.7	7.0	79.4	5.9	1.2E-05	368.6	3.5	1.0	35.5	0.5	45.0	34.1	29.1	0.0	49.9	50.2	12.6	0.1	2
04:46:48 	493	401	4.0	35.4	39.0	427.4	93.1	7.2	79.9	5.7	1.2E-05	362.7	3.6	7.6	35.5	0.5	45.2	34.0	22.3	0.0	49.9	50.3	11.9	0.2	2
04:46:51 	493	402	4.0	35.6	39.0	427.4	93.3	7.2	80.2	5.3	1.2E-05	367.1	3.4	4.7	35.5	0.5	44.2	33.3	22.6	0.0	49.9	50.3	12.2	0.0	2
04:46:55 	493	401	4.0	35.5	38.8	427.4	92.9	7.3	80.0	5.5	1.2E-05	366.2	3.3	3.3	35.5	0.5	45.7	33.3	22.7	0.0	49.9	50.3	12.3	0.0	2
04:46:58 	495	401	4.0	35.2	38.7	427.4	93.1	7.3	80.0	5.4	1.2E-05	361.8	3.5	3.2	35.5	0.5	43.0	33.9	22.5	0.0	49.9	50.2	12.1	0.0	2
04:47:01 	495	401	4.0	35.4	38.8	427.4	92.6	7.2	79.7	5.8	1.2E-05	368.1	3.4	1.8	35.5	0.5	45.8	34.0	22.1	0.0	49.9	50.2	12.5	0.0	2
04:47:04 	495	401	4.0	35.5	39.1	427.4	92.7	7.3	80.1	5.4	1.2E-05	368.1	3.6	8.0	35.5	0.5	44.0	34.3	23.1	0.0	49.9	50.3	11.7	0.2	2
04:47:07 	494	401	4.0	35.3	38.9	427.4	93.2	7.3	80.3	5.4	1.2E-05	366.2	3.5	3.9	35.5	0.5	45.7	35.3	22.5	0.0	49.9	50.3	12.0	0.0	2
04:47:10 	495	401	4.0	35.4	39.0	427.4	92.7	7.1	80.0	5.9	1.2E-05	360.8	3.5	8.4	35.5	0.5	44.8	33.6	22.9	0.0	50.0	50.2	11.8	0.2	2
04:47:13 	494	401	4.0	35.5	39.0	427.4	93.0	7.3	80.2	5.3	1.2E-05	368.6	3.5	3.6	35.5	0.5	43.3	35.3	22.3	0.0	50.0	50.3	12.2	0.0	2
04:47:16 	495	402	4.0	35.3	39.2	427.4	92.7	7.0	80.2	5.7	1.2E-05	365.2	3.8	3.6	35.5	0.5	45.3	35.3	22.6	0.0	50.0	50.2	12.4	0.0	2
04:47:19 	494	401	4.0	35.4	39.1	427.4	92.8	7.4	80.2	5.2	1.2E-05	364.7	3.7	3.7	35.5	0.5	44.2	35.2	22.7	0.0	50.0	50.3	12.3	0.0	2
04:47:22 	495	402	4.0	35.5	39.0	427.4	93.0	7.1	79.9	5.3	1.2E-05	365.7	3.4	8.4	35.5	0.5	45.6	34.5	32.9	0.0	50.0	50.3	11.6	0.2	2
04:47:26 	0	0	4.0	35.4	38.9	427.4	0.0	0.0	0.0	0.0	1.2E-05	328.6	3.5	12.1	35.5	0.0	47.0	35.3	22.5	0.0	50.0	50.3	0.0	0.0	2
04:47:29 	0	0	-0.1	17.7	19.4	427.4	0.0	0.0	0.0	0.0	3.8E-06	314.4	1.7	12.0	35.5	0.0	43.0	35.2	22.3	0.0	50.0	50.3	0.0	0.0	2
04:47:32 	0	0	-0.0	0.0	0.0	427.4	0.0	0.0	0.0	0.0	1.9E-06	329.1	0.0	11.7	35.5	0.0	43.0	35.3	22.3	0.0	50.0	50.3	0.0	0.0	2
